{"/Users/AlexRoot-Roatch/current-projects/Christmas Gift Exchange/netlify/functions/dispatchEmail.mjs": {"path":"/Users/AlexRoot-Roatch/current-projects/Christmas Gift Exchange/netlify/functions/dispatchEmail.mjs","all":false,"statementMap":{"1":{"start":{"line":2,"column":0},"end":{"line":2,"column":58}},"3":{"start":{"line":4,"column":0},"end":{"line":4,"column":32}},"4":{"start":{"line":5,"column":0},"end":{"line":5,"column":28}},"5":{"start":{"line":6,"column":0},"end":{"line":6,"column":12}},"6":{"start":{"line":7,"column":0},"end":{"line":7,"column":22}},"7":{"start":{"line":8,"column":0},"end":{"line":8,"column":47}},"8":{"start":{"line":9,"column":0},"end":{"line":9,"column":6}},"9":{"start":{"line":10,"column":0},"end":{"line":10,"column":3}},"10":{"start":{"line":11,"column":0},"end":{"line":11,"column":37}},"11":{"start":{"line":12,"column":0},"end":{"line":12,"column":35}},"12":{"start":{"line":13,"column":0},"end":{"line":13,"column":44}},"13":{"start":{"line":14,"column":0},"end":{"line":14,"column":2}},"14":{"start":{"line":15,"column":0},"end":{"line":15,"column":14}},"15":{"start":{"line":16,"column":0},"end":{"line":16,"column":64}},"16":{"start":{"line":17,"column":0},"end":{"line":17,"column":5}},"17":{"start":{"line":18,"column":0},"end":{"line":18,"column":16}},"18":{"start":{"line":19,"column":0},"end":{"line":19,"column":67}},"19":{"start":{"line":20,"column":0},"end":{"line":20,"column":8}},"20":{"start":{"line":21,"column":0},"end":{"line":21,"column":21}},"21":{"start":{"line":22,"column":0},"end":{"line":22,"column":28}},"22":{"start":{"line":23,"column":0},"end":{"line":23,"column":47}},"23":{"start":{"line":24,"column":0},"end":{"line":24,"column":24}},"24":{"start":{"line":25,"column":0},"end":{"line":25,"column":66}},"25":{"start":{"line":26,"column":0},"end":{"line":26,"column":21}},"26":{"start":{"line":27,"column":0},"end":{"line":27,"column":28}},"27":{"start":{"line":28,"column":0},"end":{"line":28,"column":36}},"28":{"start":{"line":29,"column":0},"end":{"line":29,"column":10}},"29":{"start":{"line":30,"column":0},"end":{"line":30,"column":8}},"30":{"start":{"line":31,"column":0},"end":{"line":31,"column":5}},"31":{"start":{"line":32,"column":0},"end":{"line":32,"column":4}},"32":{"start":{"line":33,"column":0},"end":{"line":33,"column":10}},"33":{"start":{"line":34,"column":0},"end":{"line":34,"column":20}},"34":{"start":{"line":35,"column":0},"end":{"line":35,"column":3}},"36":{"start":{"line":37,"column":0},"end":{"line":37,"column":1}}},"s":{"1":1,"3":1,"4":10,"5":1,"6":1,"7":1,"8":1,"9":1,"10":9,"11":9,"12":9,"13":9,"14":9,"15":9,"16":9,"17":9,"18":9,"19":9,"20":9,"21":9,"22":9,"23":9,"24":9,"25":9,"26":9,"27":9,"28":9,"29":9,"30":9,"31":9,"32":8,"33":8,"34":8,"36":8},"branchMap":{"0":{"type":"branch","line":4,"loc":{"start":{"line":4,"column":16},"end":{"line":37,"column":1}},"locations":[{"start":{"line":4,"column":16},"end":{"line":37,"column":1}}]},"1":{"type":"branch","line":5,"loc":{"start":{"line":5,"column":27},"end":{"line":10,"column":3}},"locations":[{"start":{"line":5,"column":27},"end":{"line":10,"column":3}}]},"2":{"type":"branch","line":10,"loc":{"start":{"line":10,"column":2},"end":{"line":32,"column":4}},"locations":[{"start":{"line":10,"column":2},"end":{"line":32,"column":4}}]},"3":{"type":"branch","line":32,"loc":{"start":{"line":32,"column":3},"end":{"line":37,"column":1}},"locations":[{"start":{"line":32,"column":3},"end":{"line":37,"column":1}}]}},"b":{"0":[10],"1":[1],"2":[9],"3":[8]},"fnMap":{"0":{"name":"handler","decl":{"start":{"line":4,"column":16},"end":{"line":37,"column":1}},"loc":{"start":{"line":4,"column":16},"end":{"line":37,"column":1}},"line":4}},"f":{"0":10}}
,"/Users/AlexRoot-Roatch/current-projects/Christmas Gift Exchange/netlify/functions/get_name.js": {"path":"/Users/AlexRoot-Roatch/current-projects/Christmas Gift Exchange/netlify/functions/get_name.js","all":false,"statementMap":{"0":{"start":{"line":1,"column":0},"end":{"line":1,"column":43}},"1":{"start":{"line":2,"column":0},"end":{"line":2,"column":23}},"2":{"start":{"line":3,"column":0},"end":{"line":3,"column":62}},"4":{"start":{"line":5,"column":0},"end":{"line":5,"column":44}},"5":{"start":{"line":6,"column":0},"end":{"line":6,"column":26}},"7":{"start":{"line":8,"column":0},"end":{"line":8,"column":34}},"8":{"start":{"line":9,"column":0},"end":{"line":9,"column":40}},"9":{"start":{"line":10,"column":0},"end":{"line":10,"column":21}},"10":{"start":{"line":11,"column":0},"end":{"line":11,"column":7}},"11":{"start":{"line":12,"column":0},"end":{"line":12,"column":76}},"12":{"start":{"line":13,"column":0},"end":{"line":13,"column":75}},"14":{"start":{"line":15,"column":0},"end":{"line":15,"column":19}},"15":{"start":{"line":16,"column":0},"end":{"line":16,"column":36}},"16":{"start":{"line":17,"column":0},"end":{"line":17,"column":29}},"17":{"start":{"line":18,"column":0},"end":{"line":18,"column":25}},"18":{"start":{"line":19,"column":0},"end":{"line":19,"column":17}},"20":{"start":{"line":21,"column":0},"end":{"line":21,"column":12}},"21":{"start":{"line":22,"column":0},"end":{"line":22,"column":22}},"22":{"start":{"line":23,"column":0},"end":{"line":23,"column":48}},"23":{"start":{"line":24,"column":0},"end":{"line":24,"column":28}},"24":{"start":{"line":25,"column":0},"end":{"line":25,"column":40}},"25":{"start":{"line":26,"column":0},"end":{"line":26,"column":30}},"26":{"start":{"line":27,"column":0},"end":{"line":27,"column":9}},"27":{"start":{"line":28,"column":0},"end":{"line":28,"column":6}},"28":{"start":{"line":29,"column":0},"end":{"line":29,"column":19}},"29":{"start":{"line":30,"column":0},"end":{"line":30,"column":55}},"30":{"start":{"line":31,"column":0},"end":{"line":31,"column":3}},"31":{"start":{"line":32,"column":0},"end":{"line":32,"column":2}},"33":{"start":{"line":34,"column":0},"end":{"line":34,"column":29}}},"s":{"0":1,"1":1,"2":1,"4":1,"5":1,"7":1,"8":9,"9":9,"10":9,"11":9,"12":9,"14":9,"15":9,"16":9,"17":9,"18":9,"20":9,"21":9,"22":9,"23":9,"24":9,"25":9,"26":9,"27":9,"28":9,"29":1,"30":1,"31":9,"33":1},"branchMap":{"0":{"type":"branch","line":8,"loc":{"start":{"line":8,"column":16},"end":{"line":32,"column":2}},"locations":[{"start":{"line":8,"column":16},"end":{"line":32,"column":2}}]},"1":{"type":"branch","line":29,"loc":{"start":{"line":29,"column":4},"end":{"line":31,"column":3}},"locations":[{"start":{"line":29,"column":4},"end":{"line":31,"column":3}}]}},"b":{"0":[9],"1":[1]},"fnMap":{"0":{"name":"handler","decl":{"start":{"line":8,"column":16},"end":{"line":32,"column":2}},"loc":{"start":{"line":8,"column":16},"end":{"line":32,"column":2}},"line":8}},"f":{"0":9}}
,"/Users/AlexRoot-Roatch/current-projects/Christmas Gift Exchange/netlify/functions/postToDb.js": {"path":"/Users/AlexRoot-Roatch/current-projects/Christmas Gift Exchange/netlify/functions/postToDb.js","all":false,"statementMap":{"0":{"start":{"line":1,"column":0},"end":{"line":1,"column":43}},"1":{"start":{"line":2,"column":0},"end":{"line":2,"column":23}},"3":{"start":{"line":4,"column":0},"end":{"line":4,"column":62}},"5":{"start":{"line":6,"column":0},"end":{"line":6,"column":44}},"6":{"start":{"line":7,"column":0},"end":{"line":7,"column":26}},"8":{"start":{"line":9,"column":0},"end":{"line":9,"column":34}},"9":{"start":{"line":10,"column":0},"end":{"line":10,"column":36}},"10":{"start":{"line":11,"column":0},"end":{"line":11,"column":20}},"11":{"start":{"line":12,"column":0},"end":{"line":12,"column":7}},"12":{"start":{"line":13,"column":0},"end":{"line":13,"column":63}},"13":{"start":{"line":14,"column":0},"end":{"line":14,"column":75}},"15":{"start":{"line":16,"column":0},"end":{"line":16,"column":57}},"16":{"start":{"line":17,"column":0},"end":{"line":17,"column":49}},"17":{"start":{"line":18,"column":0},"end":{"line":18,"column":14}},"18":{"start":{"line":19,"column":0},"end":{"line":19,"column":24}},"19":{"start":{"line":20,"column":0},"end":{"line":20,"column":15}},"20":{"start":{"line":21,"column":0},"end":{"line":21,"column":8}},"21":{"start":{"line":22,"column":0},"end":{"line":22,"column":7}},"22":{"start":{"line":23,"column":0},"end":{"line":23,"column":19}},"23":{"start":{"line":24,"column":0},"end":{"line":24,"column":25}},"24":{"start":{"line":25,"column":0},"end":{"line":25,"column":52}},"25":{"start":{"line":26,"column":0},"end":{"line":26,"column":3}},"26":{"start":{"line":27,"column":0},"end":{"line":27,"column":2}},"28":{"start":{"line":29,"column":0},"end":{"line":29,"column":29}}},"s":{"0":1,"1":1,"3":1,"5":1,"6":1,"8":1,"9":7,"10":7,"11":7,"12":7,"13":7,"15":7,"16":6,"17":6,"18":6,"19":6,"20":6,"21":7,"22":7,"23":0,"24":0,"25":0,"26":7,"28":1},"branchMap":{"0":{"type":"branch","line":9,"loc":{"start":{"line":9,"column":16},"end":{"line":27,"column":2}},"locations":[{"start":{"line":9,"column":16},"end":{"line":27,"column":2}}]},"1":{"type":"branch","line":23,"loc":{"start":{"line":23,"column":4},"end":{"line":26,"column":3}},"locations":[{"start":{"line":23,"column":4},"end":{"line":26,"column":3}}]},"2":{"type":"branch","line":16,"loc":{"start":{"line":16,"column":44},"end":{"line":22,"column":5}},"locations":[{"start":{"line":16,"column":44},"end":{"line":22,"column":5}}]}},"b":{"0":[7],"1":[0],"2":[6]},"fnMap":{"0":{"name":"handler","decl":{"start":{"line":9,"column":16},"end":{"line":27,"column":2}},"loc":{"start":{"line":9,"column":16},"end":{"line":27,"column":2}},"line":9}},"f":{"0":7}}
,"/Users/AlexRoot-Roatch/current-projects/Christmas Gift Exchange/resources/js/dragDrop.js": {"path":"/Users/AlexRoot-Roatch/current-projects/Christmas Gift Exchange/resources/js/dragDrop.js","all":false,"statementMap":{"0":{"start":{"line":1,"column":0},"end":{"line":1,"column":53}},"1":{"start":{"line":2,"column":0},"end":{"line":2,"column":77}},"3":{"start":{"line":4,"column":0},"end":{"line":4,"column":41}},"5":{"start":{"line":6,"column":0},"end":{"line":6,"column":30}},"6":{"start":{"line":7,"column":0},"end":{"line":7,"column":47}},"7":{"start":{"line":8,"column":0},"end":{"line":8,"column":23}},"8":{"start":{"line":9,"column":0},"end":{"line":9,"column":49}},"9":{"start":{"line":10,"column":0},"end":{"line":10,"column":3}},"10":{"start":{"line":11,"column":0},"end":{"line":11,"column":1}},"12":{"start":{"line":13,"column":0},"end":{"line":13,"column":25}},"13":{"start":{"line":14,"column":0},"end":{"line":14,"column":46}},"14":{"start":{"line":15,"column":0},"end":{"line":15,"column":1}},"16":{"start":{"line":17,"column":0},"end":{"line":17,"column":37}},"17":{"start":{"line":18,"column":0},"end":{"line":18,"column":49}},"18":{"start":{"line":19,"column":0},"end":{"line":19,"column":60}},"19":{"start":{"line":20,"column":0},"end":{"line":20,"column":24}},"20":{"start":{"line":21,"column":0},"end":{"line":21,"column":1}},"22":{"start":{"line":23,"column":0},"end":{"line":23,"column":25}},"23":{"start":{"line":24,"column":0},"end":{"line":24,"column":33}},"24":{"start":{"line":25,"column":0},"end":{"line":25,"column":56}},"25":{"start":{"line":26,"column":0},"end":{"line":26,"column":63}},"26":{"start":{"line":27,"column":0},"end":{"line":27,"column":47}},"27":{"start":{"line":28,"column":0},"end":{"line":28,"column":1}},"29":{"start":{"line":30,"column":0},"end":{"line":30,"column":25}},"30":{"start":{"line":31,"column":0},"end":{"line":31,"column":47}},"31":{"start":{"line":32,"column":0},"end":{"line":32,"column":23}},"33":{"start":{"line":34,"column":0},"end":{"line":34,"column":48}},"34":{"start":{"line":35,"column":0},"end":{"line":35,"column":50}},"35":{"start":{"line":36,"column":0},"end":{"line":36,"column":46}},"36":{"start":{"line":37,"column":0},"end":{"line":37,"column":54}},"37":{"start":{"line":38,"column":0},"end":{"line":38,"column":40}},"39":{"start":{"line":40,"column":0},"end":{"line":40,"column":53}},"40":{"start":{"line":41,"column":0},"end":{"line":41,"column":24}},"41":{"start":{"line":42,"column":0},"end":{"line":42,"column":47}},"42":{"start":{"line":43,"column":0},"end":{"line":43,"column":5}},"43":{"start":{"line":44,"column":0},"end":{"line":44,"column":22}},"44":{"start":{"line":45,"column":0},"end":{"line":45,"column":40}},"45":{"start":{"line":46,"column":0},"end":{"line":46,"column":5}},"47":{"start":{"line":48,"column":0},"end":{"line":48,"column":51}},"48":{"start":{"line":49,"column":0},"end":{"line":49,"column":3}},"49":{"start":{"line":50,"column":0},"end":{"line":50,"column":1}},"51":{"start":{"line":52,"column":0},"end":{"line":52,"column":29}},"52":{"start":{"line":53,"column":0},"end":{"line":53,"column":47}},"53":{"start":{"line":54,"column":0},"end":{"line":54,"column":1}},"55":{"start":{"line":56,"column":0},"end":{"line":56,"column":32}},"56":{"start":{"line":57,"column":0},"end":{"line":57,"column":57}},"57":{"start":{"line":58,"column":0},"end":{"line":58,"column":25}},"59":{"start":{"line":60,"column":0},"end":{"line":60,"column":50}},"60":{"start":{"line":61,"column":0},"end":{"line":61,"column":54}},"61":{"start":{"line":62,"column":0},"end":{"line":62,"column":14}},"62":{"start":{"line":63,"column":0},"end":{"line":63,"column":5}},"63":{"start":{"line":64,"column":0},"end":{"line":64,"column":5}},"65":{"start":{"line":66,"column":0},"end":{"line":66,"column":49}},"66":{"start":{"line":67,"column":0},"end":{"line":67,"column":56}},"67":{"start":{"line":68,"column":0},"end":{"line":68,"column":19}},"68":{"start":{"line":69,"column":0},"end":{"line":69,"column":5}},"69":{"start":{"line":70,"column":0},"end":{"line":70,"column":5}},"71":{"start":{"line":72,"column":0},"end":{"line":72,"column":45}},"72":{"start":{"line":73,"column":0},"end":{"line":73,"column":56}},"73":{"start":{"line":74,"column":0},"end":{"line":74,"column":14}},"74":{"start":{"line":75,"column":0},"end":{"line":75,"column":5}},"75":{"start":{"line":76,"column":0},"end":{"line":76,"column":5}},"77":{"start":{"line":78,"column":0},"end":{"line":78,"column":50}},"78":{"start":{"line":79,"column":0},"end":{"line":79,"column":56}},"79":{"start":{"line":80,"column":0},"end":{"line":80,"column":19}},"80":{"start":{"line":81,"column":0},"end":{"line":81,"column":5}},"81":{"start":{"line":82,"column":0},"end":{"line":82,"column":5}},"82":{"start":{"line":83,"column":0},"end":{"line":83,"column":1}}},"s":{"0":1,"1":1,"3":1,"5":1,"6":2,"7":1,"8":1,"9":1,"10":2,"12":1,"13":1,"14":1,"16":3,"17":3,"18":3,"19":3,"20":3,"22":3,"23":3,"24":3,"25":3,"26":3,"27":3,"29":1,"30":4,"31":3,"33":3,"34":3,"35":3,"36":3,"37":3,"39":3,"40":3,"41":1,"42":1,"43":3,"44":2,"45":2,"47":3,"48":3,"49":4,"51":1,"52":2,"53":2,"55":1,"56":2,"57":2,"59":1,"60":0,"61":0,"62":0,"63":1,"65":1,"66":0,"67":0,"68":0,"69":1,"71":1,"72":0,"73":0,"74":0,"75":1,"77":1,"78":0,"79":0,"80":0,"81":1,"82":1},"branchMap":{"0":{"type":"branch","line":6,"loc":{"start":{"line":6,"column":7},"end":{"line":11,"column":1}},"locations":[{"start":{"line":6,"column":7},"end":{"line":11,"column":1}}]},"1":{"type":"branch","line":7,"loc":{"start":{"line":7,"column":46},"end":{"line":10,"column":3}},"locations":[{"start":{"line":7,"column":46},"end":{"line":10,"column":3}}]},"2":{"type":"branch","line":13,"loc":{"start":{"line":13,"column":7},"end":{"line":15,"column":1}},"locations":[{"start":{"line":13,"column":7},"end":{"line":15,"column":1}}]},"3":{"type":"branch","line":17,"loc":{"start":{"line":17,"column":0},"end":{"line":21,"column":1}},"locations":[{"start":{"line":17,"column":0},"end":{"line":21,"column":1}}]},"4":{"type":"branch","line":20,"loc":{"start":{"line":20,"column":20},"end":{"line":20,"column":24}},"locations":[{"start":{"line":20,"column":20},"end":{"line":20,"column":24}}]},"5":{"type":"branch","line":23,"loc":{"start":{"line":23,"column":0},"end":{"line":28,"column":1}},"locations":[{"start":{"line":23,"column":0},"end":{"line":28,"column":1}}]},"6":{"type":"branch","line":27,"loc":{"start":{"line":27,"column":24},"end":{"line":27,"column":30}},"locations":[{"start":{"line":27,"column":24},"end":{"line":27,"column":30}}]},"7":{"type":"branch","line":27,"loc":{"start":{"line":27,"column":31},"end":{"line":27,"column":46}},"locations":[{"start":{"line":27,"column":31},"end":{"line":27,"column":46}}]},"8":{"type":"branch","line":30,"loc":{"start":{"line":30,"column":7},"end":{"line":50,"column":1}},"locations":[{"start":{"line":30,"column":7},"end":{"line":50,"column":1}}]},"9":{"type":"branch","line":31,"loc":{"start":{"line":31,"column":46},"end":{"line":49,"column":3}},"locations":[{"start":{"line":31,"column":46},"end":{"line":49,"column":3}}]},"10":{"type":"branch","line":41,"loc":{"start":{"line":41,"column":23},"end":{"line":43,"column":5}},"locations":[{"start":{"line":41,"column":23},"end":{"line":43,"column":5}}]},"11":{"type":"branch","line":44,"loc":{"start":{"line":44,"column":21},"end":{"line":46,"column":5}},"locations":[{"start":{"line":44,"column":21},"end":{"line":46,"column":5}}]},"12":{"type":"branch","line":52,"loc":{"start":{"line":52,"column":7},"end":{"line":54,"column":1}},"locations":[{"start":{"line":52,"column":7},"end":{"line":54,"column":1}}]},"13":{"type":"branch","line":56,"loc":{"start":{"line":56,"column":7},"end":{"line":83,"column":1}},"locations":[{"start":{"line":56,"column":7},"end":{"line":83,"column":1}}]},"14":{"type":"branch","line":58,"loc":{"start":{"line":58,"column":18},"end":{"line":83,"column":1}},"locations":[{"start":{"line":58,"column":18},"end":{"line":83,"column":1}}]}},"b":{"0":[2],"1":[1],"2":[1],"3":[3],"4":[1],"5":[3],"6":[1],"7":[2],"8":[4],"9":[3],"10":[1],"11":[2],"12":[2],"13":[2],"14":[1]},"fnMap":{"0":{"name":"allowDrop","decl":{"start":{"line":6,"column":7},"end":{"line":11,"column":1}},"loc":{"start":{"line":6,"column":7},"end":{"line":11,"column":1}},"line":6},"1":{"name":"drag","decl":{"start":{"line":13,"column":7},"end":{"line":15,"column":1}},"loc":{"start":{"line":13,"column":7},"end":{"line":15,"column":1}},"line":13},"2":{"name":"getSourceHouse","decl":{"start":{"line":17,"column":0},"end":{"line":21,"column":1}},"loc":{"start":{"line":17,"column":0},"end":{"line":21,"column":1}},"line":17},"3":{"name":"getDestHouse","decl":{"start":{"line":23,"column":0},"end":{"line":28,"column":1}},"loc":{"start":{"line":23,"column":0},"end":{"line":28,"column":1}},"line":23},"4":{"name":"drop","decl":{"start":{"line":30,"column":7},"end":{"line":50,"column":1}},"loc":{"start":{"line":30,"column":7},"end":{"line":50,"column":1}},"line":30},"5":{"name":"dragLeave","decl":{"start":{"line":52,"column":7},"end":{"line":54,"column":1}},"loc":{"start":{"line":52,"column":7},"end":{"line":54,"column":1}},"line":52},"6":{"name":"initDragDrop","decl":{"start":{"line":56,"column":7},"end":{"line":83,"column":1}},"loc":{"start":{"line":56,"column":7},"end":{"line":83,"column":1}},"line":56}},"f":{"0":2,"1":1,"2":3,"3":3,"4":4,"5":2,"6":2}}
,"/Users/AlexRoot-Roatch/current-projects/Christmas Gift Exchange/resources/js/events.js": {"path":"/Users/AlexRoot-Roatch/current-projects/Christmas Gift Exchange/resources/js/events.js","all":false,"statementMap":{"0":{"start":{"line":1,"column":0},"end":{"line":1,"column":20}},"1":{"start":{"line":2,"column":0},"end":{"line":2,"column":17}},"2":{"start":{"line":3,"column":0},"end":{"line":3,"column":24}},"3":{"start":{"line":4,"column":0},"end":{"line":4,"column":3}},"5":{"start":{"line":6,"column":0},"end":{"line":6,"column":23}},"6":{"start":{"line":7,"column":0},"end":{"line":7,"column":33}},"7":{"start":{"line":8,"column":0},"end":{"line":8,"column":33}},"8":{"start":{"line":9,"column":0},"end":{"line":9,"column":5}},"9":{"start":{"line":10,"column":0},"end":{"line":10,"column":41}},"11":{"start":{"line":12,"column":0},"end":{"line":12,"column":18}},"12":{"start":{"line":13,"column":0},"end":{"line":13,"column":82}},"13":{"start":{"line":14,"column":0},"end":{"line":14,"column":6}},"14":{"start":{"line":15,"column":0},"end":{"line":15,"column":3}},"16":{"start":{"line":17,"column":0},"end":{"line":17,"column":21}},"17":{"start":{"line":18,"column":0},"end":{"line":18,"column":32}},"18":{"start":{"line":19,"column":0},"end":{"line":19,"column":64}},"19":{"start":{"line":20,"column":0},"end":{"line":20,"column":5}},"20":{"start":{"line":21,"column":0},"end":{"line":21,"column":3}},"21":{"start":{"line":22,"column":0},"end":{"line":22,"column":1}},"23":{"start":{"line":24,"column":0},"end":{"line":24,"column":46}},"25":{"start":{"line":26,"column":0},"end":{"line":26,"column":37}},"26":{"start":{"line":27,"column":0},"end":{"line":27,"column":23}},"27":{"start":{"line":28,"column":0},"end":{"line":28,"column":37}},"28":{"start":{"line":29,"column":0},"end":{"line":29,"column":41}},"29":{"start":{"line":30,"column":0},"end":{"line":30,"column":41}},"30":{"start":{"line":31,"column":0},"end":{"line":31,"column":2}}},"s":{"0":1,"1":1,"2":11,"3":11,"5":1,"6":12,"7":12,"8":12,"9":12,"11":12,"12":0,"13":12,"14":12,"16":1,"17":247,"18":230,"19":230,"20":247,"21":1,"23":1,"25":1,"26":1,"27":1,"28":1,"29":1,"30":1},"branchMap":{"0":{"type":"branch","line":2,"loc":{"start":{"line":2,"column":2},"end":{"line":4,"column":3}},"locations":[{"start":{"line":2,"column":2},"end":{"line":4,"column":3}}]},"1":{"type":"branch","line":6,"loc":{"start":{"line":6,"column":2},"end":{"line":15,"column":3}},"locations":[{"start":{"line":6,"column":2},"end":{"line":15,"column":3}}]},"2":{"type":"branch","line":17,"loc":{"start":{"line":17,"column":2},"end":{"line":21,"column":3}},"locations":[{"start":{"line":17,"column":2},"end":{"line":21,"column":3}}]},"3":{"type":"branch","line":18,"loc":{"start":{"line":18,"column":31},"end":{"line":20,"column":5}},"locations":[{"start":{"line":18,"column":31},"end":{"line":20,"column":5}}]},"4":{"type":"branch","line":19,"loc":{"start":{"line":19,"column":36},"end":{"line":19,"column":62}},"locations":[{"start":{"line":19,"column":36},"end":{"line":19,"column":62}}]}},"b":{"0":[11],"1":[12],"2":[247],"3":[230],"4":[230]},"fnMap":{"0":{"name":"EventEmitter","decl":{"start":{"line":2,"column":2},"end":{"line":4,"column":3}},"loc":{"start":{"line":2,"column":2},"end":{"line":4,"column":3}},"line":2},"1":{"name":"on","decl":{"start":{"line":6,"column":2},"end":{"line":15,"column":3}},"loc":{"start":{"line":6,"column":2},"end":{"line":15,"column":3}},"line":6},"2":{"name":"emit","decl":{"start":{"line":17,"column":2},"end":{"line":21,"column":3}},"loc":{"start":{"line":17,"column":2},"end":{"line":21,"column":3}},"line":17}},"f":{"0":11,"1":12,"2":247}}
,"/Users/AlexRoot-Roatch/current-projects/Christmas Gift Exchange/resources/js/generate.js": {"path":"/Users/AlexRoot-Roatch/current-projects/Christmas Gift Exchange/resources/js/generate.js","all":false,"statementMap":{"0":{"start":{"line":1,"column":0},"end":{"line":1,"column":69}},"1":{"start":{"line":2,"column":0},"end":{"line":2,"column":71}},"2":{"start":{"line":3,"column":0},"end":{"line":3,"column":50}},"3":{"start":{"line":4,"column":0},"end":{"line":4,"column":63}},"4":{"start":{"line":5,"column":0},"end":{"line":5,"column":53}},"6":{"start":{"line":7,"column":0},"end":{"line":7,"column":30}},"7":{"start":{"line":8,"column":0},"end":{"line":8,"column":33}},"8":{"start":{"line":9,"column":0},"end":{"line":9,"column":30}},"10":{"start":{"line":11,"column":0},"end":{"line":11,"column":38}},"11":{"start":{"line":12,"column":0},"end":{"line":12,"column":54}},"12":{"start":{"line":13,"column":0},"end":{"line":13,"column":71}},"13":{"start":{"line":14,"column":0},"end":{"line":14,"column":1}},"15":{"start":{"line":16,"column":0},"end":{"line":16,"column":30}},"16":{"start":{"line":17,"column":0},"end":{"line":17,"column":10}},"17":{"start":{"line":18,"column":0},"end":{"line":18,"column":8}},"18":{"start":{"line":19,"column":0},"end":{"line":19,"column":17}},"19":{"start":{"line":20,"column":0},"end":{"line":20,"column":17}},"20":{"start":{"line":21,"column":0},"end":{"line":21,"column":9}},"21":{"start":{"line":22,"column":0},"end":{"line":22,"column":8}},"22":{"start":{"line":23,"column":0},"end":{"line":23,"column":15}},"23":{"start":{"line":24,"column":0},"end":{"line":24,"column":15}},"24":{"start":{"line":25,"column":0},"end":{"line":25,"column":9}},"25":{"start":{"line":26,"column":0},"end":{"line":26,"column":8}},"26":{"start":{"line":27,"column":0},"end":{"line":27,"column":15}},"27":{"start":{"line":28,"column":0},"end":{"line":28,"column":15}},"28":{"start":{"line":29,"column":0},"end":{"line":29,"column":9}},"29":{"start":{"line":30,"column":0},"end":{"line":30,"column":8}},"30":{"start":{"line":31,"column":0},"end":{"line":31,"column":15}},"31":{"start":{"line":32,"column":0},"end":{"line":32,"column":15}},"32":{"start":{"line":33,"column":0},"end":{"line":33,"column":10}},"33":{"start":{"line":34,"column":0},"end":{"line":34,"column":1}},"35":{"start":{"line":36,"column":0},"end":{"line":36,"column":43}},"36":{"start":{"line":37,"column":0},"end":{"line":37,"column":52}},"37":{"start":{"line":38,"column":0},"end":{"line":38,"column":34}},"38":{"start":{"line":39,"column":0},"end":{"line":39,"column":50}},"39":{"start":{"line":40,"column":0},"end":{"line":40,"column":3}},"40":{"start":{"line":41,"column":0},"end":{"line":41,"column":1}},"42":{"start":{"line":43,"column":0},"end":{"line":43,"column":36}},"43":{"start":{"line":44,"column":0},"end":{"line":44,"column":29}},"44":{"start":{"line":45,"column":0},"end":{"line":45,"column":54}},"45":{"start":{"line":46,"column":0},"end":{"line":46,"column":1}},"47":{"start":{"line":48,"column":0},"end":{"line":48,"column":31}},"48":{"start":{"line":49,"column":0},"end":{"line":49,"column":16}},"49":{"start":{"line":50,"column":0},"end":{"line":50,"column":21}},"50":{"start":{"line":51,"column":0},"end":{"line":51,"column":18}},"51":{"start":{"line":52,"column":0},"end":{"line":52,"column":5}},"52":{"start":{"line":53,"column":0},"end":{"line":53,"column":40}},"53":{"start":{"line":54,"column":0},"end":{"line":54,"column":45}},"54":{"start":{"line":55,"column":0},"end":{"line":55,"column":30}},"55":{"start":{"line":56,"column":0},"end":{"line":56,"column":5}},"56":{"start":{"line":57,"column":0},"end":{"line":57,"column":3}},"57":{"start":{"line":58,"column":0},"end":{"line":58,"column":14}},"58":{"start":{"line":59,"column":0},"end":{"line":59,"column":1}},"60":{"start":{"line":61,"column":0},"end":{"line":61,"column":51}},"61":{"start":{"line":62,"column":0},"end":{"line":62,"column":18}},"62":{"start":{"line":63,"column":0},"end":{"line":63,"column":63}},"63":{"start":{"line":64,"column":0},"end":{"line":64,"column":14}},"64":{"start":{"line":65,"column":0},"end":{"line":65,"column":21}},"65":{"start":{"line":66,"column":0},"end":{"line":66,"column":11}},"66":{"start":{"line":67,"column":0},"end":{"line":67,"column":3}},"67":{"start":{"line":68,"column":0},"end":{"line":68,"column":28}},"68":{"start":{"line":69,"column":0},"end":{"line":69,"column":21}},"69":{"start":{"line":70,"column":0},"end":{"line":70,"column":59}},"70":{"start":{"line":71,"column":0},"end":{"line":71,"column":59}},"71":{"start":{"line":72,"column":0},"end":{"line":72,"column":10}},"72":{"start":{"line":73,"column":0},"end":{"line":73,"column":34}},"73":{"start":{"line":74,"column":0},"end":{"line":74,"column":3}},"74":{"start":{"line":75,"column":0},"end":{"line":75,"column":1}},"76":{"start":{"line":77,"column":0},"end":{"line":77,"column":48}},"77":{"start":{"line":78,"column":0},"end":{"line":78,"column":57}},"78":{"start":{"line":79,"column":0},"end":{"line":79,"column":26}},"79":{"start":{"line":80,"column":0},"end":{"line":80,"column":23}},"81":{"start":{"line":82,"column":0},"end":{"line":82,"column":26}},"82":{"start":{"line":83,"column":0},"end":{"line":83,"column":47}},"83":{"start":{"line":84,"column":0},"end":{"line":84,"column":10}},"84":{"start":{"line":85,"column":0},"end":{"line":85,"column":51}},"85":{"start":{"line":86,"column":0},"end":{"line":86,"column":3}},"86":{"start":{"line":87,"column":0},"end":{"line":87,"column":1}},"88":{"start":{"line":89,"column":0},"end":{"line":89,"column":31}},"89":{"start":{"line":90,"column":0},"end":{"line":90,"column":63}},"91":{"start":{"line":92,"column":0},"end":{"line":92,"column":37}},"92":{"start":{"line":93,"column":0},"end":{"line":93,"column":89}},"94":{"start":{"line":95,"column":0},"end":{"line":95,"column":58}},"95":{"start":{"line":96,"column":0},"end":{"line":96,"column":32}},"96":{"start":{"line":97,"column":0},"end":{"line":97,"column":12}},"97":{"start":{"line":98,"column":0},"end":{"line":98,"column":5}},"99":{"start":{"line":100,"column":0},"end":{"line":100,"column":75}},"100":{"start":{"line":101,"column":0},"end":{"line":101,"column":32}},"101":{"start":{"line":102,"column":0},"end":{"line":102,"column":76}},"102":{"start":{"line":103,"column":0},"end":{"line":103,"column":60}},"103":{"start":{"line":104,"column":0},"end":{"line":104,"column":29}},"104":{"start":{"line":105,"column":0},"end":{"line":105,"column":3}},"105":{"start":{"line":106,"column":0},"end":{"line":106,"column":1}},"107":{"start":{"line":108,"column":0},"end":{"line":108,"column":62}},"108":{"start":{"line":109,"column":0},"end":{"line":109,"column":80}},"109":{"start":{"line":110,"column":0},"end":{"line":110,"column":58}},"111":{"start":{"line":112,"column":0},"end":{"line":112,"column":45}},"112":{"start":{"line":113,"column":0},"end":{"line":113,"column":73}},"113":{"start":{"line":114,"column":0},"end":{"line":114,"column":10}},"114":{"start":{"line":115,"column":0},"end":{"line":115,"column":41}},"115":{"start":{"line":116,"column":0},"end":{"line":116,"column":41}},"116":{"start":{"line":117,"column":0},"end":{"line":117,"column":46}},"117":{"start":{"line":118,"column":0},"end":{"line":118,"column":75}},"118":{"start":{"line":119,"column":0},"end":{"line":119,"column":60}},"119":{"start":{"line":120,"column":0},"end":{"line":120,"column":7}},"120":{"start":{"line":121,"column":0},"end":{"line":121,"column":76}},"121":{"start":{"line":122,"column":0},"end":{"line":122,"column":12}},"122":{"start":{"line":123,"column":0},"end":{"line":123,"column":56}},"123":{"start":{"line":124,"column":0},"end":{"line":124,"column":5}},"124":{"start":{"line":125,"column":0},"end":{"line":125,"column":3}},"125":{"start":{"line":126,"column":0},"end":{"line":126,"column":1}},"127":{"start":{"line":128,"column":0},"end":{"line":128,"column":33}},"128":{"start":{"line":129,"column":0},"end":{"line":129,"column":72}},"129":{"start":{"line":130,"column":0},"end":{"line":130,"column":10}},"130":{"start":{"line":131,"column":0},"end":{"line":131,"column":43}},"131":{"start":{"line":132,"column":0},"end":{"line":132,"column":46}},"132":{"start":{"line":133,"column":0},"end":{"line":133,"column":3}},"133":{"start":{"line":134,"column":0},"end":{"line":134,"column":1}},"135":{"start":{"line":136,"column":0},"end":{"line":136,"column":70}},"136":{"start":{"line":137,"column":0},"end":{"line":137,"column":60}},"137":{"start":{"line":138,"column":0},"end":{"line":138,"column":1}},"139":{"start":{"line":140,"column":0},"end":{"line":140,"column":40}},"140":{"start":{"line":141,"column":0},"end":{"line":141,"column":28}},"141":{"start":{"line":142,"column":0},"end":{"line":142,"column":16}},"142":{"start":{"line":143,"column":0},"end":{"line":143,"column":32}},"143":{"start":{"line":144,"column":0},"end":{"line":144,"column":17}},"144":{"start":{"line":145,"column":0},"end":{"line":145,"column":38}},"145":{"start":{"line":146,"column":0},"end":{"line":146,"column":43}},"146":{"start":{"line":147,"column":0},"end":{"line":147,"column":19}},"147":{"start":{"line":148,"column":0},"end":{"line":148,"column":3}},"148":{"start":{"line":149,"column":0},"end":{"line":149,"column":54}},"149":{"start":{"line":150,"column":0},"end":{"line":150,"column":16}},"150":{"start":{"line":151,"column":0},"end":{"line":151,"column":8}},"151":{"start":{"line":152,"column":0},"end":{"line":152,"column":4}},"152":{"start":{"line":153,"column":0},"end":{"line":153,"column":1}},"154":{"start":{"line":155,"column":0},"end":{"line":155,"column":41}},"155":{"start":{"line":156,"column":0},"end":{"line":156,"column":45}},"156":{"start":{"line":157,"column":0},"end":{"line":157,"column":68}},"157":{"start":{"line":158,"column":0},"end":{"line":158,"column":44}},"158":{"start":{"line":159,"column":0},"end":{"line":159,"column":1}},"160":{"start":{"line":161,"column":0},"end":{"line":161,"column":55}},"161":{"start":{"line":162,"column":0},"end":{"line":162,"column":48}},"162":{"start":{"line":163,"column":0},"end":{"line":163,"column":41}},"163":{"start":{"line":164,"column":0},"end":{"line":164,"column":3}},"164":{"start":{"line":165,"column":0},"end":{"line":165,"column":1}},"166":{"start":{"line":167,"column":0},"end":{"line":167,"column":51}},"167":{"start":{"line":168,"column":0},"end":{"line":168,"column":47}},"169":{"start":{"line":170,"column":0},"end":{"line":170,"column":82}},"171":{"start":{"line":172,"column":0},"end":{"line":172,"column":33}},"172":{"start":{"line":173,"column":0},"end":{"line":173,"column":12}},"173":{"start":{"line":174,"column":0},"end":{"line":174,"column":116}},"174":{"start":{"line":175,"column":0},"end":{"line":175,"column":6}},"176":{"start":{"line":177,"column":0},"end":{"line":177,"column":29}},"177":{"start":{"line":178,"column":0},"end":{"line":178,"column":102}},"178":{"start":{"line":179,"column":0},"end":{"line":179,"column":1}}},"s":{"0":1,"1":1,"2":1,"3":1,"4":1,"6":1,"7":1,"8":1,"10":1,"11":1,"12":1,"13":1,"15":1,"16":1,"17":1,"18":1,"19":1,"20":1,"21":1,"22":1,"23":1,"24":1,"25":1,"26":1,"27":1,"28":1,"29":1,"30":1,"31":1,"32":1,"33":1,"35":1,"36":13,"37":13,"38":8,"39":8,"40":13,"42":1,"43":121,"44":121,"45":121,"47":1,"48":114,"49":114,"50":151,"51":114,"52":114,"53":151,"54":279,"55":279,"56":151,"57":114,"58":114,"60":1,"61":9,"62":9,"63":9,"64":4,"65":4,"66":4,"67":9,"68":2,"69":2,"70":2,"71":9,"72":3,"73":3,"74":9,"76":1,"77":118,"78":118,"79":110,"81":118,"82":6,"83":118,"84":104,"85":104,"86":118,"88":110,"89":110,"91":110,"92":127,"94":127,"95":104,"96":104,"97":104,"99":23,"100":23,"101":23,"102":23,"103":23,"104":23,"105":110,"107":1,"108":130,"109":130,"111":130,"112":25,"113":130,"114":105,"115":18,"116":18,"117":18,"118":18,"119":18,"120":18,"121":105,"122":87,"123":87,"124":105,"125":130,"127":23,"128":23,"129":23,"130":23,"131":23,"132":23,"133":23,"135":23,"136":23,"137":23,"139":3,"140":3,"141":3,"142":3,"143":6,"144":6,"145":6,"146":6,"147":6,"148":3,"149":3,"150":3,"151":3,"152":3,"154":130,"155":130,"156":130,"157":130,"158":130,"160":23,"161":23,"162":23,"163":23,"164":23,"166":118,"167":118,"169":118,"171":116,"172":118,"173":2,"174":2,"176":114,"177":118,"178":118},"branchMap":{"0":{"type":"branch","line":11,"loc":{"start":{"line":11,"column":7},"end":{"line":14,"column":1}},"locations":[{"start":{"line":11,"column":7},"end":{"line":14,"column":1}}]},"1":{"type":"branch","line":16,"loc":{"start":{"line":16,"column":7},"end":{"line":34,"column":1}},"locations":[{"start":{"line":16,"column":7},"end":{"line":34,"column":1}}]},"2":{"type":"branch","line":36,"loc":{"start":{"line":36,"column":7},"end":{"line":41,"column":1}},"locations":[{"start":{"line":36,"column":7},"end":{"line":41,"column":1}}]},"3":{"type":"branch","line":38,"loc":{"start":{"line":38,"column":19},"end":{"line":38,"column":31}},"locations":[{"start":{"line":38,"column":19},"end":{"line":38,"column":31}}]},"4":{"type":"branch","line":38,"loc":{"start":{"line":38,"column":33},"end":{"line":40,"column":3}},"locations":[{"start":{"line":38,"column":33},"end":{"line":40,"column":3}}]},"5":{"type":"branch","line":43,"loc":{"start":{"line":43,"column":7},"end":{"line":46,"column":1}},"locations":[{"start":{"line":43,"column":7},"end":{"line":46,"column":1}}]},"6":{"type":"branch","line":48,"loc":{"start":{"line":48,"column":7},"end":{"line":59,"column":1}},"locations":[{"start":{"line":48,"column":7},"end":{"line":59,"column":1}}]},"7":{"type":"branch","line":53,"loc":{"start":{"line":53,"column":39},"end":{"line":57,"column":3}},"locations":[{"start":{"line":53,"column":39},"end":{"line":57,"column":3}}]},"8":{"type":"branch","line":54,"loc":{"start":{"line":54,"column":44},"end":{"line":56,"column":5}},"locations":[{"start":{"line":54,"column":44},"end":{"line":56,"column":5}}]},"9":{"type":"branch","line":50,"loc":{"start":{"line":50,"column":14},"end":{"line":52,"column":3}},"locations":[{"start":{"line":50,"column":14},"end":{"line":52,"column":3}}]},"10":{"type":"branch","line":61,"loc":{"start":{"line":61,"column":7},"end":{"line":75,"column":1}},"locations":[{"start":{"line":61,"column":7},"end":{"line":75,"column":1}}]},"11":{"type":"branch","line":64,"loc":{"start":{"line":64,"column":13},"end":{"line":67,"column":3}},"locations":[{"start":{"line":64,"column":13},"end":{"line":67,"column":3}}]},"12":{"type":"branch","line":67,"loc":{"start":{"line":67,"column":2},"end":{"line":68,"column":27}},"locations":[{"start":{"line":67,"column":2},"end":{"line":68,"column":27}}]},"13":{"type":"branch","line":68,"loc":{"start":{"line":68,"column":27},"end":{"line":72,"column":3}},"locations":[{"start":{"line":68,"column":27},"end":{"line":72,"column":3}}]},"14":{"type":"branch","line":72,"loc":{"start":{"line":72,"column":3},"end":{"line":74,"column":3}},"locations":[{"start":{"line":72,"column":3},"end":{"line":74,"column":3}}]},"15":{"type":"branch","line":77,"loc":{"start":{"line":77,"column":7},"end":{"line":87,"column":1}},"locations":[{"start":{"line":77,"column":7},"end":{"line":87,"column":1}}]},"16":{"type":"branch","line":79,"loc":{"start":{"line":79,"column":13},"end":{"line":79,"column":26}},"locations":[{"start":{"line":79,"column":13},"end":{"line":79,"column":26}}]},"17":{"type":"branch","line":79,"loc":{"start":{"line":79,"column":25},"end":{"line":82,"column":25}},"locations":[{"start":{"line":79,"column":25},"end":{"line":82,"column":25}}]},"18":{"type":"branch","line":82,"loc":{"start":{"line":82,"column":25},"end":{"line":84,"column":3}},"locations":[{"start":{"line":82,"column":25},"end":{"line":84,"column":3}}]},"19":{"type":"branch","line":84,"loc":{"start":{"line":84,"column":3},"end":{"line":86,"column":3}},"locations":[{"start":{"line":84,"column":3},"end":{"line":86,"column":3}}]},"20":{"type":"branch","line":89,"loc":{"start":{"line":89,"column":0},"end":{"line":106,"column":1}},"locations":[{"start":{"line":89,"column":0},"end":{"line":106,"column":1}}]},"21":{"type":"branch","line":92,"loc":{"start":{"line":92,"column":36},"end":{"line":105,"column":3}},"locations":[{"start":{"line":92,"column":36},"end":{"line":105,"column":3}}]},"22":{"type":"branch","line":95,"loc":{"start":{"line":95,"column":33},"end":{"line":95,"column":55}},"locations":[{"start":{"line":95,"column":33},"end":{"line":95,"column":55}}]},"23":{"type":"branch","line":95,"loc":{"start":{"line":95,"column":57},"end":{"line":98,"column":5}},"locations":[{"start":{"line":95,"column":57},"end":{"line":98,"column":5}}]},"24":{"type":"branch","line":98,"loc":{"start":{"line":98,"column":4},"end":{"line":105,"column":3}},"locations":[{"start":{"line":98,"column":4},"end":{"line":105,"column":3}}]},"25":{"type":"branch","line":108,"loc":{"start":{"line":108,"column":7},"end":{"line":126,"column":1}},"locations":[{"start":{"line":108,"column":7},"end":{"line":126,"column":1}}]},"26":{"type":"branch","line":112,"loc":{"start":{"line":112,"column":44},"end":{"line":114,"column":3}},"locations":[{"start":{"line":112,"column":44},"end":{"line":114,"column":3}}]},"27":{"type":"branch","line":114,"loc":{"start":{"line":114,"column":3},"end":{"line":125,"column":3}},"locations":[{"start":{"line":114,"column":3},"end":{"line":125,"column":3}}]},"28":{"type":"branch","line":115,"loc":{"start":{"line":115,"column":40},"end":{"line":122,"column":5}},"locations":[{"start":{"line":115,"column":40},"end":{"line":122,"column":5}}]},"29":{"type":"branch","line":122,"loc":{"start":{"line":122,"column":5},"end":{"line":124,"column":5}},"locations":[{"start":{"line":122,"column":5},"end":{"line":124,"column":5}}]},"30":{"type":"branch","line":128,"loc":{"start":{"line":128,"column":0},"end":{"line":134,"column":1}},"locations":[{"start":{"line":128,"column":0},"end":{"line":134,"column":1}}]},"31":{"type":"branch","line":136,"loc":{"start":{"line":136,"column":0},"end":{"line":138,"column":1}},"locations":[{"start":{"line":136,"column":0},"end":{"line":138,"column":1}}]},"32":{"type":"branch","line":140,"loc":{"start":{"line":140,"column":0},"end":{"line":153,"column":1}},"locations":[{"start":{"line":140,"column":0},"end":{"line":153,"column":1}}]},"33":{"type":"branch","line":143,"loc":{"start":{"line":143,"column":31},"end":{"line":148,"column":3}},"locations":[{"start":{"line":143,"column":31},"end":{"line":148,"column":3}}]},"34":{"type":"branch","line":155,"loc":{"start":{"line":155,"column":0},"end":{"line":159,"column":1}},"locations":[{"start":{"line":155,"column":0},"end":{"line":159,"column":1}}]},"35":{"type":"branch","line":157,"loc":{"start":{"line":157,"column":39},"end":{"line":157,"column":66}},"locations":[{"start":{"line":157,"column":39},"end":{"line":157,"column":66}}]},"36":{"type":"branch","line":161,"loc":{"start":{"line":161,"column":0},"end":{"line":165,"column":1}},"locations":[{"start":{"line":161,"column":0},"end":{"line":165,"column":1}}]},"37":{"type":"branch","line":167,"loc":{"start":{"line":167,"column":0},"end":{"line":179,"column":1}},"locations":[{"start":{"line":167,"column":0},"end":{"line":179,"column":1}}]},"38":{"type":"branch","line":170,"loc":{"start":{"line":170,"column":30},"end":{"line":170,"column":82}},"locations":[{"start":{"line":170,"column":30},"end":{"line":170,"column":82}}]},"39":{"type":"branch","line":170,"loc":{"start":{"line":170,"column":81},"end":{"line":173,"column":4}},"locations":[{"start":{"line":170,"column":81},"end":{"line":173,"column":4}}]},"40":{"type":"branch","line":173,"loc":{"start":{"line":173,"column":4},"end":{"line":175,"column":6}},"locations":[{"start":{"line":173,"column":4},"end":{"line":175,"column":6}}]},"41":{"type":"branch","line":175,"loc":{"start":{"line":175,"column":5},"end":{"line":178,"column":4}},"locations":[{"start":{"line":175,"column":5},"end":{"line":178,"column":4}}]},"42":{"type":"branch","line":178,"loc":{"start":{"line":178,"column":4},"end":{"line":178,"column":102}},"locations":[{"start":{"line":178,"column":4},"end":{"line":178,"column":102}}]}},"b":{"0":[1],"1":[1],"2":[13],"3":[21],"4":[8],"5":[121],"6":[114],"7":[151],"8":[279],"9":[151],"10":[9],"11":[4],"12":[5],"13":[2],"14":[3],"15":[118],"16":[8],"17":[110],"18":[6],"19":[104],"20":[110],"21":[127],"22":[41],"23":[104],"24":[23],"25":[130],"26":[25],"27":[105],"28":[18],"29":[87],"30":[23],"31":[23],"32":[3],"33":[6],"34":[130],"35":[151],"36":[23],"37":[118],"38":[2],"39":[116],"40":[2],"41":[114],"42":[4]},"fnMap":{"0":{"name":"initEventListeners","decl":{"start":{"line":11,"column":7},"end":{"line":14,"column":1}},"loc":{"start":{"line":11,"column":7},"end":{"line":14,"column":1}},"line":11},"1":{"name":"emptyTable","decl":{"start":{"line":16,"column":7},"end":{"line":34,"column":1}},"loc":{"start":{"line":16,"column":7},"end":{"line":34,"column":1}},"line":16},"2":{"name":"clearGeneratedListTable","decl":{"start":{"line":36,"column":7},"end":{"line":41,"column":1}},"loc":{"start":{"line":36,"column":7},"end":{"line":41,"column":1}},"line":36},"3":{"name":"hasDuplicates","decl":{"start":{"line":43,"column":7},"end":{"line":46,"column":1}},"loc":{"start":{"line":43,"column":7},"end":{"line":46,"column":1}},"line":43},"4":{"name":"deepCopy","decl":{"start":{"line":48,"column":7},"end":{"line":59,"column":1}},"loc":{"start":{"line":48,"column":7},"end":{"line":59,"column":1}},"line":48},"5":{"name":"generateList","decl":{"start":{"line":61,"column":7},"end":{"line":75,"column":1}},"loc":{"start":{"line":61,"column":7},"end":{"line":75,"column":1}},"line":61},"6":{"name":"generate","decl":{"start":{"line":77,"column":7},"end":{"line":87,"column":1}},"loc":{"start":{"line":77,"column":7},"end":{"line":87,"column":1}},"line":77},"7":{"name":"attemptToDrawNames","decl":{"start":{"line":89,"column":0},"end":{"line":106,"column":1}},"loc":{"start":{"line":89,"column":0},"end":{"line":106,"column":1}},"line":89},"8":{"name":"selectValidHouse","decl":{"start":{"line":108,"column":7},"end":{"line":126,"column":1}},"loc":{"start":{"line":108,"column":7},"end":{"line":126,"column":1}},"line":108},"9":{"name":"selectRecipient","decl":{"start":{"line":128,"column":0},"end":{"line":134,"column":1}},"loc":{"start":{"line":128,"column":0},"end":{"line":134,"column":1}},"line":128},"10":{"name":"removeName","decl":{"start":{"line":136,"column":0},"end":{"line":138,"column":1}},"loc":{"start":{"line":136,"column":0},"end":{"line":138,"column":1}},"line":136},"11":{"name":"renderResultsToTable","decl":{"start":{"line":140,"column":0},"end":{"line":153,"column":1}},"loc":{"start":{"line":140,"column":0},"end":{"line":153,"column":1}},"line":140},"12":{"name":"isNotGiversHouse","decl":{"start":{"line":155,"column":0},"end":{"line":159,"column":1}},"loc":{"start":{"line":155,"column":0},"end":{"line":159,"column":1}},"line":155},"13":{"name":"maybeRemoveHouse","decl":{"start":{"line":161,"column":0},"end":{"line":165,"column":1}},"loc":{"start":{"line":161,"column":0},"end":{"line":165,"column":1}},"line":161},"14":{"name":"checkForImpossible","decl":{"start":{"line":167,"column":0},"end":{"line":179,"column":1}},"loc":{"start":{"line":167,"column":0},"end":{"line":179,"column":1}},"line":167}},"f":{"0":1,"1":1,"2":13,"3":121,"4":114,"5":9,"6":118,"7":110,"8":130,"9":23,"10":23,"11":3,"12":130,"13":23,"14":118}}
,"/Users/AlexRoot-Roatch/current-projects/Christmas Gift Exchange/resources/js/keybindings.js": {"path":"/Users/AlexRoot-Roatch/current-projects/Christmas Gift Exchange/resources/js/keybindings.js","all":false,"statementMap":{"0":{"start":{"line":1,"column":0},"end":{"line":1,"column":43}},"1":{"start":{"line":2,"column":0},"end":{"line":2,"column":60}},"3":{"start":{"line":4,"column":0},"end":{"line":4,"column":26}},"4":{"start":{"line":5,"column":0},"end":{"line":5,"column":18}},"5":{"start":{"line":6,"column":0},"end":{"line":6,"column":30}},"6":{"start":{"line":7,"column":0},"end":{"line":7,"column":30}},"8":{"start":{"line":9,"column":0},"end":{"line":9,"column":28}},"9":{"start":{"line":10,"column":0},"end":{"line":10,"column":65}},"10":{"start":{"line":11,"column":0},"end":{"line":11,"column":90}},"11":{"start":{"line":12,"column":0},"end":{"line":12,"column":1}},"13":{"start":{"line":14,"column":0},"end":{"line":14,"column":26}},"14":{"start":{"line":15,"column":0},"end":{"line":15,"column":26}},"15":{"start":{"line":16,"column":0},"end":{"line":16,"column":27}},"16":{"start":{"line":17,"column":0},"end":{"line":17,"column":25}},"17":{"start":{"line":18,"column":0},"end":{"line":18,"column":22}},"18":{"start":{"line":19,"column":0},"end":{"line":19,"column":3}},"19":{"start":{"line":20,"column":0},"end":{"line":20,"column":1}},"21":{"start":{"line":22,"column":0},"end":{"line":22,"column":29}},"22":{"start":{"line":23,"column":0},"end":{"line":23,"column":43}},"23":{"start":{"line":24,"column":0},"end":{"line":24,"column":25}},"24":{"start":{"line":25,"column":0},"end":{"line":25,"column":28}},"25":{"start":{"line":26,"column":0},"end":{"line":26,"column":3}},"26":{"start":{"line":27,"column":0},"end":{"line":27,"column":1}},"28":{"start":{"line":29,"column":0},"end":{"line":29,"column":29}},"29":{"start":{"line":30,"column":0},"end":{"line":30,"column":42}},"30":{"start":{"line":31,"column":0},"end":{"line":31,"column":25}},"31":{"start":{"line":32,"column":0},"end":{"line":32,"column":28}},"32":{"start":{"line":33,"column":0},"end":{"line":33,"column":3}},"33":{"start":{"line":34,"column":0},"end":{"line":34,"column":1}},"35":{"start":{"line":36,"column":0},"end":{"line":36,"column":49}},"36":{"start":{"line":37,"column":0},"end":{"line":37,"column":26}},"37":{"start":{"line":38,"column":0},"end":{"line":38,"column":31}},"39":{"start":{"line":40,"column":0},"end":{"line":40,"column":31}},"40":{"start":{"line":41,"column":0},"end":{"line":41,"column":66}},"41":{"start":{"line":42,"column":0},"end":{"line":42,"column":38}},"42":{"start":{"line":43,"column":0},"end":{"line":43,"column":23}},"44":{"start":{"line":45,"column":0},"end":{"line":45,"column":47}},"45":{"start":{"line":46,"column":0},"end":{"line":46,"column":15}},"46":{"start":{"line":47,"column":0},"end":{"line":47,"column":49}},"47":{"start":{"line":48,"column":0},"end":{"line":48,"column":3}},"49":{"start":{"line":50,"column":0},"end":{"line":50,"column":41}},"50":{"start":{"line":51,"column":0},"end":{"line":51,"column":35}},"51":{"start":{"line":52,"column":0},"end":{"line":52,"column":52}},"52":{"start":{"line":53,"column":0},"end":{"line":53,"column":52}},"53":{"start":{"line":54,"column":0},"end":{"line":54,"column":30}},"54":{"start":{"line":55,"column":0},"end":{"line":55,"column":3}},"56":{"start":{"line":57,"column":0},"end":{"line":57,"column":23}},"57":{"start":{"line":58,"column":0},"end":{"line":58,"column":1}},"59":{"start":{"line":60,"column":0},"end":{"line":60,"column":31}},"60":{"start":{"line":61,"column":0},"end":{"line":61,"column":38}},"61":{"start":{"line":62,"column":0},"end":{"line":62,"column":47}},"62":{"start":{"line":63,"column":0},"end":{"line":63,"column":15}},"63":{"start":{"line":64,"column":0},"end":{"line":64,"column":52}},"64":{"start":{"line":65,"column":0},"end":{"line":65,"column":3}},"66":{"start":{"line":67,"column":0},"end":{"line":67,"column":52}},"67":{"start":{"line":68,"column":0},"end":{"line":68,"column":27}},"68":{"start":{"line":69,"column":0},"end":{"line":69,"column":55}},"69":{"start":{"line":70,"column":0},"end":{"line":70,"column":55}},"70":{"start":{"line":71,"column":0},"end":{"line":71,"column":31}},"71":{"start":{"line":72,"column":0},"end":{"line":72,"column":3}},"73":{"start":{"line":74,"column":0},"end":{"line":74,"column":24}},"74":{"start":{"line":75,"column":0},"end":{"line":75,"column":1}},"76":{"start":{"line":77,"column":0},"end":{"line":77,"column":60}},"77":{"start":{"line":78,"column":0},"end":{"line":78,"column":72}},"78":{"start":{"line":79,"column":0},"end":{"line":79,"column":20}},"79":{"start":{"line":80,"column":0},"end":{"line":80,"column":1}}},"s":{"0":1,"1":1,"3":1,"4":1,"5":1,"6":1,"8":1,"9":1,"10":15,"11":15,"13":1,"14":3,"15":3,"16":2,"17":2,"18":2,"19":3,"21":8,"22":8,"23":1,"24":1,"25":1,"26":8,"28":8,"29":8,"30":1,"31":1,"32":1,"33":8,"35":1,"36":1,"37":1,"39":1,"40":1,"41":10,"42":10,"44":10,"45":10,"46":10,"47":10,"49":10,"50":10,"51":8,"52":8,"53":8,"54":8,"56":10,"57":10,"59":1,"60":1,"61":25,"62":25,"63":25,"64":25,"66":25,"67":25,"68":8,"69":8,"70":8,"71":8,"73":25,"74":25,"76":1,"77":1,"78":0,"79":0},"branchMap":{"0":{"type":"branch","line":78,"loc":{"start":{"line":78,"column":71},"end":{"line":80,"column":1}},"locations":[{"start":{"line":78,"column":71},"end":{"line":80,"column":1}}]},"1":{"type":"branch","line":10,"loc":{"start":{"line":10,"column":7},"end":{"line":12,"column":1}},"locations":[{"start":{"line":10,"column":7},"end":{"line":12,"column":1}}]},"2":{"type":"branch","line":15,"loc":{"start":{"line":15,"column":0},"end":{"line":20,"column":1}},"locations":[{"start":{"line":15,"column":0},"end":{"line":20,"column":1}}]},"3":{"type":"branch","line":16,"loc":{"start":{"line":16,"column":26},"end":{"line":19,"column":3}},"locations":[{"start":{"line":16,"column":26},"end":{"line":19,"column":3}}]},"4":{"type":"branch","line":22,"loc":{"start":{"line":22,"column":0},"end":{"line":27,"column":1}},"locations":[{"start":{"line":22,"column":0},"end":{"line":27,"column":1}}]},"5":{"type":"branch","line":23,"loc":{"start":{"line":23,"column":19},"end":{"line":23,"column":40}},"locations":[{"start":{"line":23,"column":19},"end":{"line":23,"column":40}}]},"6":{"type":"branch","line":23,"loc":{"start":{"line":23,"column":42},"end":{"line":26,"column":3}},"locations":[{"start":{"line":23,"column":42},"end":{"line":26,"column":3}}]},"7":{"type":"branch","line":29,"loc":{"start":{"line":29,"column":0},"end":{"line":34,"column":1}},"locations":[{"start":{"line":29,"column":0},"end":{"line":34,"column":1}}]},"8":{"type":"branch","line":30,"loc":{"start":{"line":30,"column":18},"end":{"line":30,"column":39}},"locations":[{"start":{"line":30,"column":18},"end":{"line":30,"column":39}}]},"9":{"type":"branch","line":30,"loc":{"start":{"line":30,"column":41},"end":{"line":33,"column":3}},"locations":[{"start":{"line":30,"column":41},"end":{"line":33,"column":3}}]},"10":{"type":"branch","line":41,"loc":{"start":{"line":41,"column":7},"end":{"line":58,"column":1}},"locations":[{"start":{"line":41,"column":7},"end":{"line":58,"column":1}}]},"11":{"type":"branch","line":51,"loc":{"start":{"line":51,"column":34},"end":{"line":55,"column":3}},"locations":[{"start":{"line":51,"column":34},"end":{"line":55,"column":3}}]},"12":{"type":"branch","line":61,"loc":{"start":{"line":61,"column":7},"end":{"line":75,"column":1}},"locations":[{"start":{"line":61,"column":7},"end":{"line":75,"column":1}}]},"13":{"type":"branch","line":68,"loc":{"start":{"line":68,"column":26},"end":{"line":72,"column":3}},"locations":[{"start":{"line":68,"column":26},"end":{"line":72,"column":3}}]}},"b":{"0":[0],"1":[15],"2":[3],"3":[2],"4":[8],"5":[2],"6":[1],"7":[8],"8":[2],"9":[1],"10":[10],"11":[8],"12":[25],"13":[8]},"fnMap":{"0":{"name":"isMobileDevice","decl":{"start":{"line":10,"column":7},"end":{"line":12,"column":1}},"loc":{"start":{"line":10,"column":7},"end":{"line":12,"column":1}},"line":10},"1":{"name":"enterClick","decl":{"start":{"line":15,"column":0},"end":{"line":20,"column":1}},"loc":{"start":{"line":15,"column":0},"end":{"line":20,"column":1}},"line":15},"2":{"name":"enterAddHouse","decl":{"start":{"line":22,"column":0},"end":{"line":27,"column":1}},"loc":{"start":{"line":22,"column":0},"end":{"line":27,"column":1}},"line":22},"3":{"name":"enterGenerate","decl":{"start":{"line":29,"column":0},"end":{"line":34,"column":1}},"loc":{"start":{"line":29,"column":0},"end":{"line":34,"column":1}},"line":29},"4":{"name":"initKeybindings","decl":{"start":{"line":41,"column":7},"end":{"line":58,"column":1}},"loc":{"start":{"line":41,"column":7},"end":{"line":58,"column":1}},"line":41},"5":{"name":"cleanupKeybindings","decl":{"start":{"line":61,"column":7},"end":{"line":75,"column":1}},"loc":{"start":{"line":61,"column":7},"end":{"line":75,"column":1}},"line":61}},"f":{"0":15,"1":3,"2":8,"3":8,"4":10,"5":25}}
,"/Users/AlexRoot-Roatch/current-projects/Christmas Gift Exchange/resources/js/layout.js": {"path":"/Users/AlexRoot-Roatch/current-projects/Christmas Gift Exchange/resources/js/layout.js","all":false,"statementMap":{"0":{"start":{"line":1,"column":0},"end":{"line":1,"column":69}},"1":{"start":{"line":2,"column":0},"end":{"line":2,"column":43}},"2":{"start":{"line":3,"column":0},"end":{"line":3,"column":63}},"3":{"start":{"line":4,"column":0},"end":{"line":4,"column":53}},"5":{"start":{"line":6,"column":0},"end":{"line":6,"column":30}},"6":{"start":{"line":7,"column":0},"end":{"line":7,"column":30}},"7":{"start":{"line":8,"column":0},"end":{"line":8,"column":30}},"8":{"start":{"line":9,"column":0},"end":{"line":9,"column":31}},"9":{"start":{"line":10,"column":0},"end":{"line":10,"column":39}},"10":{"start":{"line":11,"column":0},"end":{"line":11,"column":24}},"11":{"start":{"line":12,"column":0},"end":{"line":12,"column":41}},"12":{"start":{"line":13,"column":0},"end":{"line":13,"column":26}},"13":{"start":{"line":14,"column":0},"end":{"line":14,"column":42}},"15":{"start":{"line":16,"column":0},"end":{"line":16,"column":18}},"16":{"start":{"line":17,"column":0},"end":{"line":17,"column":5}},"18":{"start":{"line":19,"column":0},"end":{"line":19,"column":223}},"20":{"start":{"line":21,"column":0},"end":{"line":21,"column":539}},"22":{"start":{"line":23,"column":0},"end":{"line":23,"column":77}},"23":{"start":{"line":24,"column":0},"end":{"line":24,"column":2}},"25":{"start":{"line":26,"column":0},"end":{"line":26,"column":37}},"26":{"start":{"line":27,"column":0},"end":{"line":27,"column":47}},"27":{"start":{"line":28,"column":0},"end":{"line":28,"column":51}},"28":{"start":{"line":29,"column":0},"end":{"line":29,"column":51}},"30":{"start":{"line":31,"column":0},"end":{"line":31,"column":29}},"31":{"start":{"line":32,"column":0},"end":{"line":32,"column":11}},"32":{"start":{"line":33,"column":0},"end":{"line":33,"column":12}},"33":{"start":{"line":34,"column":0},"end":{"line":34,"column":11}},"34":{"start":{"line":35,"column":0},"end":{"line":35,"column":38}},"35":{"start":{"line":36,"column":0},"end":{"line":36,"column":12}},"36":{"start":{"line":37,"column":0},"end":{"line":37,"column":11}},"37":{"start":{"line":38,"column":0},"end":{"line":38,"column":39}},"38":{"start":{"line":39,"column":0},"end":{"line":39,"column":38}},"39":{"start":{"line":40,"column":0},"end":{"line":40,"column":12}},"40":{"start":{"line":41,"column":0},"end":{"line":41,"column":11}},"41":{"start":{"line":42,"column":0},"end":{"line":42,"column":38}},"42":{"start":{"line":43,"column":0},"end":{"line":43,"column":39}},"43":{"start":{"line":44,"column":0},"end":{"line":44,"column":59}},"44":{"start":{"line":45,"column":0},"end":{"line":45,"column":12}},"45":{"start":{"line":46,"column":0},"end":{"line":46,"column":11}},"46":{"start":{"line":47,"column":0},"end":{"line":47,"column":38}},"47":{"start":{"line":48,"column":0},"end":{"line":48,"column":12}},"48":{"start":{"line":49,"column":0},"end":{"line":49,"column":3}},"49":{"start":{"line":50,"column":0},"end":{"line":50,"column":1}},"51":{"start":{"line":52,"column":0},"end":{"line":52,"column":27}},"52":{"start":{"line":53,"column":0},"end":{"line":53,"column":58}},"53":{"start":{"line":54,"column":0},"end":{"line":54,"column":29}},"54":{"start":{"line":55,"column":0},"end":{"line":55,"column":64}},"55":{"start":{"line":56,"column":0},"end":{"line":56,"column":3}},"56":{"start":{"line":57,"column":0},"end":{"line":57,"column":58}},"57":{"start":{"line":58,"column":0},"end":{"line":58,"column":14}},"58":{"start":{"line":59,"column":0},"end":{"line":59,"column":1}},"60":{"start":{"line":61,"column":0},"end":{"line":61,"column":29}},"61":{"start":{"line":62,"column":0},"end":{"line":62,"column":58}},"62":{"start":{"line":63,"column":0},"end":{"line":63,"column":46}},"63":{"start":{"line":64,"column":0},"end":{"line":64,"column":11}},"64":{"start":{"line":65,"column":0},"end":{"line":65,"column":3}},"65":{"start":{"line":66,"column":0},"end":{"line":66,"column":53}},"66":{"start":{"line":67,"column":0},"end":{"line":67,"column":46}},"67":{"start":{"line":68,"column":0},"end":{"line":68,"column":11}},"68":{"start":{"line":69,"column":0},"end":{"line":69,"column":3}},"69":{"start":{"line":70,"column":0},"end":{"line":70,"column":52}},"70":{"start":{"line":71,"column":0},"end":{"line":71,"column":21}},"71":{"start":{"line":72,"column":0},"end":{"line":72,"column":59}},"72":{"start":{"line":73,"column":0},"end":{"line":73,"column":3}},"73":{"start":{"line":74,"column":0},"end":{"line":74,"column":87}},"74":{"start":{"line":75,"column":0},"end":{"line":75,"column":48}},"75":{"start":{"line":76,"column":0},"end":{"line":76,"column":43}},"76":{"start":{"line":77,"column":0},"end":{"line":77,"column":64}},"77":{"start":{"line":78,"column":0},"end":{"line":78,"column":3}},"78":{"start":{"line":79,"column":0},"end":{"line":79,"column":22}},"79":{"start":{"line":80,"column":0},"end":{"line":80,"column":1}},"81":{"start":{"line":82,"column":0},"end":{"line":82,"column":35}},"82":{"start":{"line":83,"column":0},"end":{"line":83,"column":29}},"83":{"start":{"line":84,"column":0},"end":{"line":84,"column":63}},"84":{"start":{"line":85,"column":0},"end":{"line":85,"column":12}},"85":{"start":{"line":86,"column":0},"end":{"line":86,"column":1}},"87":{"start":{"line":88,"column":0},"end":{"line":88,"column":52}},"88":{"start":{"line":89,"column":0},"end":{"line":89,"column":80}},"89":{"start":{"line":90,"column":0},"end":{"line":90,"column":38}},"90":{"start":{"line":91,"column":0},"end":{"line":91,"column":51}},"91":{"start":{"line":92,"column":0},"end":{"line":92,"column":47}},"92":{"start":{"line":93,"column":0},"end":{"line":93,"column":63}},"94":{"start":{"line":95,"column":0},"end":{"line":95,"column":62}},"95":{"start":{"line":96,"column":0},"end":{"line":96,"column":56}},"96":{"start":{"line":97,"column":0},"end":{"line":97,"column":80}},"97":{"start":{"line":98,"column":0},"end":{"line":98,"column":1}}},"s":{"0":1,"1":1,"2":1,"3":1,"5":1,"6":1,"7":1,"8":1,"9":1,"10":1,"11":1,"12":1,"13":1,"15":1,"16":1,"18":1,"20":1,"22":1,"23":1,"25":1,"26":22,"27":22,"28":22,"30":22,"31":22,"32":1,"33":22,"34":15,"35":15,"36":22,"37":2,"38":2,"39":2,"40":22,"41":2,"42":2,"43":2,"44":2,"45":22,"46":2,"47":2,"48":22,"49":22,"51":1,"52":11,"53":11,"54":5,"55":5,"56":11,"57":11,"58":11,"60":1,"61":18,"62":1,"63":1,"64":1,"65":18,"66":1,"67":1,"68":1,"69":18,"70":1,"71":1,"72":1,"73":18,"74":18,"75":18,"76":15,"77":15,"78":16,"79":16,"81":1,"82":5,"83":5,"84":5,"85":5,"87":1,"88":1,"89":1,"90":1,"91":1,"92":1,"94":1,"95":1,"96":1,"97":1},"branchMap":{"0":{"type":"branch","line":26,"loc":{"start":{"line":26,"column":7},"end":{"line":50,"column":1}},"locations":[{"start":{"line":26,"column":7},"end":{"line":50,"column":1}}]},"1":{"type":"branch","line":32,"loc":{"start":{"line":32,"column":4},"end":{"line":33,"column":12}},"locations":[{"start":{"line":32,"column":4},"end":{"line":33,"column":12}}]},"2":{"type":"branch","line":34,"loc":{"start":{"line":34,"column":4},"end":{"line":36,"column":12}},"locations":[{"start":{"line":34,"column":4},"end":{"line":36,"column":12}}]},"3":{"type":"branch","line":37,"loc":{"start":{"line":37,"column":4},"end":{"line":40,"column":12}},"locations":[{"start":{"line":37,"column":4},"end":{"line":40,"column":12}}]},"4":{"type":"branch","line":41,"loc":{"start":{"line":41,"column":4},"end":{"line":45,"column":12}},"locations":[{"start":{"line":41,"column":4},"end":{"line":45,"column":12}}]},"5":{"type":"branch","line":44,"loc":{"start":{"line":44,"column":31},"end":{"line":44,"column":59}},"locations":[{"start":{"line":44,"column":31},"end":{"line":44,"column":59}}]},"6":{"type":"branch","line":46,"loc":{"start":{"line":46,"column":4},"end":{"line":48,"column":12}},"locations":[{"start":{"line":46,"column":4},"end":{"line":48,"column":12}}]},"7":{"type":"branch","line":52,"loc":{"start":{"line":52,"column":7},"end":{"line":59,"column":1}},"locations":[{"start":{"line":52,"column":7},"end":{"line":59,"column":1}}]},"8":{"type":"branch","line":54,"loc":{"start":{"line":54,"column":28},"end":{"line":56,"column":3}},"locations":[{"start":{"line":54,"column":28},"end":{"line":56,"column":3}}]},"9":{"type":"branch","line":61,"loc":{"start":{"line":61,"column":7},"end":{"line":80,"column":1}},"locations":[{"start":{"line":61,"column":7},"end":{"line":80,"column":1}}]},"10":{"type":"branch","line":62,"loc":{"start":{"line":62,"column":30},"end":{"line":62,"column":55}},"locations":[{"start":{"line":62,"column":30},"end":{"line":62,"column":55}}]},"11":{"type":"branch","line":62,"loc":{"start":{"line":62,"column":57},"end":{"line":65,"column":3}},"locations":[{"start":{"line":62,"column":57},"end":{"line":65,"column":3}}]},"12":{"type":"branch","line":65,"loc":{"start":{"line":65,"column":2},"end":{"line":66,"column":29}},"locations":[{"start":{"line":65,"column":2},"end":{"line":66,"column":29}}]},"13":{"type":"branch","line":66,"loc":{"start":{"line":66,"column":29},"end":{"line":66,"column":50}},"locations":[{"start":{"line":66,"column":29},"end":{"line":66,"column":50}}]},"14":{"type":"branch","line":66,"loc":{"start":{"line":66,"column":52},"end":{"line":69,"column":3}},"locations":[{"start":{"line":66,"column":52},"end":{"line":69,"column":3}}]},"15":{"type":"branch","line":69,"loc":{"start":{"line":69,"column":2},"end":{"line":70,"column":29}},"locations":[{"start":{"line":69,"column":2},"end":{"line":70,"column":29}}]},"16":{"type":"branch","line":70,"loc":{"start":{"line":70,"column":29},"end":{"line":70,"column":49}},"locations":[{"start":{"line":70,"column":29},"end":{"line":70,"column":49}}]},"17":{"type":"branch","line":70,"loc":{"start":{"line":70,"column":51},"end":{"line":73,"column":3}},"locations":[{"start":{"line":70,"column":51},"end":{"line":73,"column":3}}]},"18":{"type":"branch","line":73,"loc":{"start":{"line":73,"column":2},"end":{"line":74,"column":41}},"locations":[{"start":{"line":73,"column":2},"end":{"line":74,"column":41}}]},"19":{"type":"branch","line":74,"loc":{"start":{"line":74,"column":41},"end":{"line":74,"column":65}},"locations":[{"start":{"line":74,"column":41},"end":{"line":74,"column":65}}]},"20":{"type":"branch","line":74,"loc":{"start":{"line":74,"column":66},"end":{"line":74,"column":86}},"locations":[{"start":{"line":74,"column":66},"end":{"line":74,"column":86}}]},"21":{"type":"branch","line":76,"loc":{"start":{"line":76,"column":42},"end":{"line":78,"column":3}},"locations":[{"start":{"line":76,"column":42},"end":{"line":78,"column":3}}]},"22":{"type":"branch","line":78,"loc":{"start":{"line":78,"column":2},"end":{"line":80,"column":1}},"locations":[{"start":{"line":78,"column":2},"end":{"line":80,"column":1}}]},"23":{"type":"branch","line":82,"loc":{"start":{"line":82,"column":7},"end":{"line":86,"column":1}},"locations":[{"start":{"line":82,"column":7},"end":{"line":86,"column":1}}]}},"b":{"0":[22],"1":[1],"2":[15],"3":[2],"4":[2],"5":[1],"6":[2],"7":[11],"8":[5],"9":[18],"10":[12],"11":[1],"12":[17],"13":[2],"14":[1],"15":[16],"16":[1],"17":[1],"18":[16],"19":[0],"20":[16],"21":[15],"22":[16],"23":[5]},"fnMap":{"0":{"name":"conditionalRender","decl":{"start":{"line":26,"column":7},"end":{"line":50,"column":1}},"loc":{"start":{"line":26,"column":7},"end":{"line":50,"column":1}},"line":26},"1":{"name":"stepOne","decl":{"start":{"line":52,"column":7},"end":{"line":59,"column":1}},"loc":{"start":{"line":52,"column":7},"end":{"line":59,"column":1}},"line":52},"2":{"name":"introNext","decl":{"start":{"line":61,"column":7},"end":{"line":80,"column":1}},"loc":{"start":{"line":61,"column":7},"end":{"line":80,"column":1}},"line":61},"3":{"name":"secretSantaMode","decl":{"start":{"line":82,"column":7},"end":{"line":86,"column":1}},"loc":{"start":{"line":82,"column":7},"end":{"line":86,"column":1}},"line":82}},"f":{"0":22,"1":11,"2":18,"3":5}}
,"/Users/AlexRoot-Roatch/current-projects/Christmas Gift Exchange/resources/js/main.js": {"path":"/Users/AlexRoot-Roatch/current-projects/Christmas Gift Exchange/resources/js/main.js","all":false,"statementMap":{"0":{"start":{"line":1,"column":0},"end":{"line":1,"column":54}},"1":{"start":{"line":2,"column":0},"end":{"line":2,"column":55}},"2":{"start":{"line":3,"column":0},"end":{"line":3,"column":59}},"3":{"start":{"line":4,"column":0},"end":{"line":4,"column":57}},"4":{"start":{"line":5,"column":0},"end":{"line":5,"column":61}},"5":{"start":{"line":6,"column":0},"end":{"line":6,"column":69}},"6":{"start":{"line":7,"column":0},"end":{"line":7,"column":69}},"7":{"start":{"line":8,"column":0},"end":{"line":8,"column":66}},"8":{"start":{"line":9,"column":0},"end":{"line":9,"column":33}},"9":{"start":{"line":10,"column":0},"end":{"line":10,"column":37}},"10":{"start":{"line":11,"column":0},"end":{"line":11,"column":46}},"12":{"start":{"line":13,"column":0},"end":{"line":13,"column":32}},"13":{"start":{"line":14,"column":0},"end":{"line":14,"column":15}},"14":{"start":{"line":15,"column":0},"end":{"line":15,"column":14}},"15":{"start":{"line":16,"column":0},"end":{"line":16,"column":16}},"17":{"start":{"line":18,"column":0},"end":{"line":18,"column":28}},"19":{"start":{"line":20,"column":0},"end":{"line":20,"column":32}},"20":{"start":{"line":21,"column":0},"end":{"line":21,"column":34}},"21":{"start":{"line":22,"column":0},"end":{"line":22,"column":34}},"22":{"start":{"line":23,"column":0},"end":{"line":23,"column":17}},"23":{"start":{"line":24,"column":0},"end":{"line":24,"column":1}}},"s":{"0":1,"1":1,"2":1,"3":1,"4":1,"5":1,"6":1,"7":1,"8":1,"9":1,"10":1,"12":1,"13":9,"14":9,"15":9,"17":9,"19":9,"20":9,"21":9,"22":9,"23":9},"branchMap":{"0":{"type":"branch","line":13,"loc":{"start":{"line":13,"column":15},"end":{"line":24,"column":1}},"locations":[{"start":{"line":13,"column":15},"end":{"line":24,"column":1}}]}},"b":{"0":[9]},"fnMap":{"0":{"name":"main","decl":{"start":{"line":13,"column":15},"end":{"line":24,"column":1}},"loc":{"start":{"line":13,"column":15},"end":{"line":24,"column":1}},"line":13}},"f":{"0":9}}
,"/Users/AlexRoot-Roatch/current-projects/Christmas Gift Exchange/resources/js/render.js": {"path":"/Users/AlexRoot-Roatch/current-projects/Christmas Gift Exchange/resources/js/render.js","all":false,"statementMap":{"0":{"start":{"line":1,"column":0},"end":{"line":1,"column":62}},"2":{"start":{"line":3,"column":0},"end":{"line":3,"column":29}},"4":{"start":{"line":5,"column":0},"end":{"line":5,"column":33}},"5":{"start":{"line":6,"column":0},"end":{"line":6,"column":60}},"6":{"start":{"line":7,"column":0},"end":{"line":7,"column":46}},"7":{"start":{"line":8,"column":0},"end":{"line":8,"column":1}},"9":{"start":{"line":10,"column":0},"end":{"line":10,"column":45}},"10":{"start":{"line":11,"column":0},"end":{"line":11,"column":43}},"11":{"start":{"line":12,"column":0},"end":{"line":12,"column":53}},"12":{"start":{"line":13,"column":0},"end":{"line":13,"column":51}},"13":{"start":{"line":14,"column":0},"end":{"line":14,"column":5}},"15":{"start":{"line":16,"column":0},"end":{"line":16,"column":55}},"16":{"start":{"line":17,"column":0},"end":{"line":17,"column":53}},"17":{"start":{"line":18,"column":0},"end":{"line":18,"column":5}},"19":{"start":{"line":20,"column":0},"end":{"line":20,"column":55}},"20":{"start":{"line":21,"column":0},"end":{"line":21,"column":53}},"21":{"start":{"line":22,"column":0},"end":{"line":22,"column":5}},"22":{"start":{"line":23,"column":0},"end":{"line":23,"column":1}},"24":{"start":{"line":25,"column":0},"end":{"line":25,"column":55}},"25":{"start":{"line":26,"column":0},"end":{"line":26,"column":45}},"26":{"start":{"line":27,"column":0},"end":{"line":27,"column":57}},"27":{"start":{"line":28,"column":0},"end":{"line":28,"column":50}},"28":{"start":{"line":29,"column":0},"end":{"line":29,"column":31}},"29":{"start":{"line":30,"column":0},"end":{"line":30,"column":5}},"30":{"start":{"line":31,"column":0},"end":{"line":31,"column":5}},"31":{"start":{"line":32,"column":0},"end":{"line":32,"column":1}},"33":{"start":{"line":34,"column":0},"end":{"line":34,"column":62}},"34":{"start":{"line":35,"column":0},"end":{"line":35,"column":74}},"35":{"start":{"line":36,"column":0},"end":{"line":36,"column":52}},"36":{"start":{"line":37,"column":0},"end":{"line":37,"column":57}},"38":{"start":{"line":39,"column":0},"end":{"line":39,"column":53}},"39":{"start":{"line":40,"column":0},"end":{"line":40,"column":49}},"40":{"start":{"line":41,"column":0},"end":{"line":41,"column":49}},"41":{"start":{"line":42,"column":0},"end":{"line":42,"column":26}},"43":{"start":{"line":44,"column":0},"end":{"line":44,"column":41}},"44":{"start":{"line":45,"column":0},"end":{"line":45,"column":58}},"45":{"start":{"line":46,"column":0},"end":{"line":46,"column":51}},"46":{"start":{"line":47,"column":0},"end":{"line":47,"column":5}},"47":{"start":{"line":48,"column":0},"end":{"line":48,"column":3}},"48":{"start":{"line":49,"column":0},"end":{"line":49,"column":1}}},"s":{"0":1,"2":1,"4":1,"5":1,"6":19,"7":19,"9":1,"10":1,"11":4,"12":66,"13":4,"15":4,"16":8,"17":4,"19":4,"20":156,"21":4,"22":4,"24":1,"25":230,"26":230,"27":690,"28":690,"29":690,"30":230,"31":230,"33":1,"34":1,"35":0,"36":0,"38":0,"39":0,"40":0,"41":0,"43":0,"44":0,"45":0,"46":0,"47":0,"48":0},"branchMap":{"0":{"type":"branch","line":6,"loc":{"start":{"line":6,"column":7},"end":{"line":8,"column":1}},"locations":[{"start":{"line":6,"column":7},"end":{"line":8,"column":1}}]},"1":{"type":"branch","line":11,"loc":{"start":{"line":11,"column":7},"end":{"line":23,"column":1}},"locations":[{"start":{"line":11,"column":7},"end":{"line":23,"column":1}}]},"2":{"type":"branch","line":12,"loc":{"start":{"line":12,"column":41},"end":{"line":14,"column":3}},"locations":[{"start":{"line":12,"column":41},"end":{"line":14,"column":3}}]},"3":{"type":"branch","line":16,"loc":{"start":{"line":16,"column":43},"end":{"line":18,"column":3}},"locations":[{"start":{"line":16,"column":43},"end":{"line":18,"column":3}}]},"4":{"type":"branch","line":20,"loc":{"start":{"line":20,"column":43},"end":{"line":22,"column":3}},"locations":[{"start":{"line":20,"column":43},"end":{"line":22,"column":3}}]},"5":{"type":"branch","line":26,"loc":{"start":{"line":26,"column":0},"end":{"line":32,"column":1}},"locations":[{"start":{"line":26,"column":0},"end":{"line":32,"column":1}}]},"6":{"type":"branch","line":27,"loc":{"start":{"line":27,"column":43},"end":{"line":31,"column":3}},"locations":[{"start":{"line":27,"column":43},"end":{"line":31,"column":3}}]}},"b":{"0":[19],"1":[4],"2":[66],"3":[8],"4":[156],"5":[230],"6":[690]},"fnMap":{"0":{"name":"registerComponent","decl":{"start":{"line":6,"column":7},"end":{"line":8,"column":1}},"loc":{"start":{"line":6,"column":7},"end":{"line":8,"column":1}},"line":6},"1":{"name":"initRenderSubscriptions","decl":{"start":{"line":11,"column":7},"end":{"line":23,"column":1}},"loc":{"start":{"line":11,"column":7},"end":{"line":23,"column":1}},"line":11},"2":{"name":"callLifecycleMethod","decl":{"start":{"line":26,"column":0},"end":{"line":32,"column":1}},"loc":{"start":{"line":26,"column":0},"end":{"line":32,"column":1}},"line":26},"3":{"name":"renderIntoSlot","decl":{"start":{"line":35,"column":7},"end":{"line":49,"column":1}},"loc":{"start":{"line":35,"column":7},"end":{"line":49,"column":1}},"line":35}},"f":{"0":19,"1":4,"2":230,"3":0}}
,"/Users/AlexRoot-Roatch/current-projects/Christmas Gift Exchange/resources/js/state.js": {"path":"/Users/AlexRoot-Roatch/current-projects/Christmas Gift Exchange/resources/js/state.js","all":false,"statementMap":{"0":{"start":{"line":1,"column":0},"end":{"line":1,"column":62}},"2":{"start":{"line":3,"column":0},"end":{"line":3,"column":13}},"3":{"start":{"line":4,"column":0},"end":{"line":4,"column":13}},"4":{"start":{"line":5,"column":0},"end":{"line":5,"column":21}},"5":{"start":{"line":6,"column":0},"end":{"line":6,"column":16}},"6":{"start":{"line":7,"column":0},"end":{"line":7,"column":23}},"7":{"start":{"line":8,"column":0},"end":{"line":8,"column":13}},"8":{"start":{"line":9,"column":0},"end":{"line":9,"column":16}},"9":{"start":{"line":10,"column":0},"end":{"line":10,"column":1}},"11":{"start":{"line":12,"column":0},"end":{"line":12,"column":42}},"12":{"start":{"line":13,"column":0},"end":{"line":13,"column":29}},"13":{"start":{"line":14,"column":0},"end":{"line":14,"column":44}},"14":{"start":{"line":15,"column":0},"end":{"line":15,"column":18}},"15":{"start":{"line":16,"column":0},"end":{"line":16,"column":16}},"16":{"start":{"line":17,"column":0},"end":{"line":17,"column":31}},"17":{"start":{"line":18,"column":0},"end":{"line":18,"column":5}},"18":{"start":{"line":19,"column":0},"end":{"line":19,"column":1}},"20":{"start":{"line":21,"column":0},"end":{"line":21,"column":47}},"21":{"start":{"line":22,"column":0},"end":{"line":22,"column":31}},"22":{"start":{"line":23,"column":0},"end":{"line":23,"column":46}},"23":{"start":{"line":24,"column":0},"end":{"line":24,"column":18}},"24":{"start":{"line":25,"column":0},"end":{"line":25,"column":15}},"25":{"start":{"line":26,"column":0},"end":{"line":26,"column":5}},"26":{"start":{"line":27,"column":0},"end":{"line":27,"column":1}},"28":{"start":{"line":29,"column":0},"end":{"line":29,"column":47}},"29":{"start":{"line":30,"column":0},"end":{"line":30,"column":31}},"30":{"start":{"line":31,"column":0},"end":{"line":31,"column":31}},"31":{"start":{"line":32,"column":0},"end":{"line":32,"column":3}},"32":{"start":{"line":33,"column":0},"end":{"line":33,"column":46}},"33":{"start":{"line":34,"column":0},"end":{"line":34,"column":37}},"34":{"start":{"line":35,"column":0},"end":{"line":35,"column":48}},"35":{"start":{"line":36,"column":0},"end":{"line":36,"column":20}},"36":{"start":{"line":37,"column":0},"end":{"line":37,"column":18}},"37":{"start":{"line":38,"column":0},"end":{"line":38,"column":33}},"38":{"start":{"line":39,"column":0},"end":{"line":39,"column":7}},"39":{"start":{"line":40,"column":0},"end":{"line":40,"column":80}},"40":{"start":{"line":41,"column":0},"end":{"line":41,"column":48}},"41":{"start":{"line":42,"column":0},"end":{"line":42,"column":19}},"42":{"start":{"line":43,"column":0},"end":{"line":43,"column":25}},"43":{"start":{"line":44,"column":0},"end":{"line":44,"column":24}},"44":{"start":{"line":45,"column":0},"end":{"line":45,"column":7}},"45":{"start":{"line":46,"column":0},"end":{"line":46,"column":3}},"46":{"start":{"line":47,"column":0},"end":{"line":47,"column":1}},"48":{"start":{"line":49,"column":0},"end":{"line":49,"column":52}},"49":{"start":{"line":50,"column":0},"end":{"line":50,"column":30}},"50":{"start":{"line":51,"column":0},"end":{"line":51,"column":74}},"51":{"start":{"line":52,"column":0},"end":{"line":52,"column":48}},"52":{"start":{"line":53,"column":0},"end":{"line":53,"column":20}},"53":{"start":{"line":54,"column":0},"end":{"line":54,"column":18}},"54":{"start":{"line":55,"column":0},"end":{"line":55,"column":33}},"55":{"start":{"line":56,"column":0},"end":{"line":56,"column":7}},"56":{"start":{"line":57,"column":0},"end":{"line":57,"column":80}},"57":{"start":{"line":58,"column":0},"end":{"line":58,"column":48}},"58":{"start":{"line":59,"column":0},"end":{"line":59,"column":19}},"59":{"start":{"line":60,"column":0},"end":{"line":60,"column":25}},"60":{"start":{"line":61,"column":0},"end":{"line":61,"column":24}},"61":{"start":{"line":62,"column":0},"end":{"line":62,"column":7}},"62":{"start":{"line":63,"column":0},"end":{"line":63,"column":3}},"63":{"start":{"line":64,"column":0},"end":{"line":64,"column":1}},"65":{"start":{"line":66,"column":0},"end":{"line":66,"column":33}},"66":{"start":{"line":67,"column":0},"end":{"line":67,"column":27}},"67":{"start":{"line":68,"column":0},"end":{"line":68,"column":44}},"68":{"start":{"line":69,"column":0},"end":{"line":69,"column":17}},"69":{"start":{"line":70,"column":0},"end":{"line":70,"column":19}},"70":{"start":{"line":71,"column":0},"end":{"line":71,"column":15}},"71":{"start":{"line":72,"column":0},"end":{"line":72,"column":5}},"72":{"start":{"line":73,"column":0},"end":{"line":73,"column":1}},"74":{"start":{"line":75,"column":0},"end":{"line":75,"column":35}},"75":{"start":{"line":76,"column":0},"end":{"line":76,"column":59}},"76":{"start":{"line":77,"column":0},"end":{"line":77,"column":46}},"77":{"start":{"line":78,"column":0},"end":{"line":78,"column":17}},"78":{"start":{"line":79,"column":0},"end":{"line":79,"column":12}},"79":{"start":{"line":80,"column":0},"end":{"line":80,"column":5}},"80":{"start":{"line":81,"column":0},"end":{"line":81,"column":1}},"82":{"start":{"line":83,"column":0},"end":{"line":83,"column":34}},"83":{"start":{"line":84,"column":0},"end":{"line":84,"column":63}},"84":{"start":{"line":85,"column":0},"end":{"line":85,"column":1}},"86":{"start":{"line":87,"column":0},"end":{"line":87,"column":45}},"87":{"start":{"line":88,"column":0},"end":{"line":88,"column":62}},"88":{"start":{"line":89,"column":0},"end":{"line":89,"column":21}},"89":{"start":{"line":90,"column":0},"end":{"line":90,"column":21}},"90":{"start":{"line":91,"column":0},"end":{"line":91,"column":53}},"91":{"start":{"line":92,"column":0},"end":{"line":92,"column":70}},"92":{"start":{"line":93,"column":0},"end":{"line":93,"column":1}},"94":{"start":{"line":95,"column":0},"end":{"line":95,"column":42}},"95":{"start":{"line":96,"column":0},"end":{"line":96,"column":62}},"96":{"start":{"line":97,"column":0},"end":{"line":97,"column":1}},"98":{"s
[...]
ons":[{"start":{"line":46,"column":31},"end":{"line":48,"column":5}}]},"7":{"type":"branch","line":51,"loc":{"start":{"line":51,"column":2},"end":{"line":55,"column":3}},"locations":[{"start":{"line":51,"column":2},"end":{"line":55,"column":3}}]},"8":{"type":"branch","line":52,"loc":{"start":{"line":52,"column":31},"end":{"line":54,"column":5}},"locations":[{"start":{"line":52,"column":31},"end":{"line":54,"column":5}}]},"9":{"type":"branch","line":57,"loc":{"start":{"line":57,"column":2},"end":{"line":68,"column":3}},"locations":[{"start":{"line":57,"column":2},"end":{"line":68,"column":3}}]},"10":{"type":"branch","line":58,"loc":{"start":{"line":58,"column":36},"end":{"line":63,"column":5}},"locations":[{"start":{"line":58,"column":36},"end":{"line":63,"column":5}}]},"11":{"type":"branch","line":61,"loc":{"start":{"line":61,"column":64},"end":{"line":61,"column":69}},"locations":[{"start":{"line":61,"column":64},"end":{"line":61,"column":69}}]},"12":{"type":"branch","line":65,"loc":{"start":{"line":65,"column":30},"end":{"line":65,"column":60}},"locations":[{"start":{"line":65,"column":30},"end":{"line":65,"column":60}}]},"13":{"type":"branch","line":65,"loc":{"start":{"line":65,"column":62},"end":{"line":67,"column":5}},"locations":[{"start":{"line":65,"column":62},"end":{"line":67,"column":5}}]},"14":{"type":"branch","line":70,"loc":{"start":{"line":70,"column":2},"end":{"line":84,"column":3}},"locations":[{"start":{"line":70,"column":2},"end":{"line":84,"column":3}}]},"15":{"type":"branch","line":72,"loc":{"start":{"line":72,"column":23},"end":{"line":72,"column":30}},"locations":[{"start":{"line":72,"column":23},"end":{"line":72,"column":30}}]},"16":{"type":"branch","line":76,"loc":{"start":{"line":76,"column":11},"end":{"line":76,"column":22}},"locations":[{"start":{"line":76,"column":11},"end":{"line":76,"column":22}}]},"17":{"type":"branch","line":77,"loc":{"start":{"line":77,"column":14},"end":{"line":77,"column":51}},"locations":[{"start":{"line":77,"column":14},"end":{"line":77,"column":51}}]},"18":{"type":"branch","line":80,"loc":{"start":{"line":80,"column":11},"end":{"line":80,"column":38}},"locations":[{"start":{"line":80,"column":11},"end":{"line":80,"column":38}}]},"19":{"type":"branch","line":86,"loc":{"start":{"line":86,"column":2},"end":{"line":89,"column":3}},"locations":[{"start":{"line":86,"column":2},"end":{"line":89,"column":3}}]},"20":{"type":"branch","line":87,"loc":{"start":{"line":87,"column":31},"end":{"line":87,"column":58}},"locations":[{"start":{"line":87,"column":31},"end":{"line":87,"column":58}}]},"21":{"type":"branch","line":91,"loc":{"start":{"line":91,"column":2},"end":{"line":99,"column":3}},"locations":[{"start":{"line":91,"column":2},"end":{"line":99,"column":3}}]},"22":{"type":"branch","line":101,"loc":{"start":{"line":101,"column":2},"end":{"line":105,"column":3}},"locations":[{"start":{"line":101,"column":2},"end":{"line":105,"column":3}}]},"23":{"type":"branch","line":102,"loc":{"start":{"line":102,"column":55},"end":{"line":104,"column":5}},"locations":[{"start":{"line":102,"column":55},"end":{"line":104,"column":5}}]},"24":{"type":"branch","line":108,"loc":{"start":{"line":108,"column":7},"end":{"line":111,"column":1}},"locations":[{"start":{"line":108,"column":7},"end":{"line":111,"column":1}}]}},"b":{"0":[109],"1":[44],"2":[5],"3":[1],"4":[1],"5":[66],"6":[44],"7":[8],"8":[5],"9":[156],"10":[50],"11":[0],"12":[28],"13":[28],"14":[77],"15":[0],"16":[106],"17":[106],"18":[80],"19":[50],"20":[26],"21":[106],"22":[127],"23":[106],"24":[6]},"fnMap":{"0":{"name":"Giver","decl":{"start":{"line":9,"column":2},"end":{"line":15,"column":3}},"loc":{"start":{"line":9,"column":2},"end":{"line":15,"column":3}},"line":9},"1":{"name":"addName","decl":{"start":{"line":19,"column":7},"end":{"line":28,"column":1}},"loc":{"start":{"line":19,"column":7},"end":{"line":28,"column":1}},"line":19},"2":{"name":"deleteName","decl":{"start":{"line":30,"column":7},"end":{"line":42,"column":1}},"loc":{"start":{"line":30,"column":7},"end":{"line":42,"column":1}},"line":30},"3":{"name":"onComponentAdded","decl":{"start":{"line":45,"column":2},"end":{"line":49,"column":3}},"loc":{"start":{"line":45,"column":2},"end":{"line":49,"column":3}},"line":45},"4":{"name":"onComponentRemoved","decl":{"start":{"line":51,"column":2},"end":{"line":55,"column":3}},"loc":{"start":{"line":51,"column":2},"end":{"line":55,"column":3}},"line":51},"5":{"name":"onComponentUpdated","decl":{"start":{"line":57,"column":2},"end":{"line":68,"column":3}},"loc":{"start":{"line":57,"column":2},"end":{"line":68,"column":3}},"line":57},"6":{"name":"renderParticipantsList","decl":{"start":{"line":70,"column":2},"end":{"line":84,"column":3}},"loc":{"start":{"line":70,"column":2},"end":{"line":84,"column":3}},"line":70},"7":{"name":"renderIntoSlot","decl":{"start":{"line":86,"column":2},"end":{"line":89,"column":3}},"loc":{"start":{"line":86,"column":2},"end":{"line":89,"column":3}},"line":86},"8":{"name":"template","decl":{"start":{"line":91,"column":2},"end":{"line":99,"column":3}},"loc":{"start":{"line":91,"column":2},"end":{"line":99,"column":3}},"line":91},"9":{"name":"attachListeners","decl":{"start":{"line":101,"column":2},"end":{"line":105,"column":3}},"loc":{"start":{"line":101,"column":2},"end":{"line":105,"column":3}},"line":101},"10":{"name":"init","decl":{"start":{"line":108,"column":7},"end":{"line":111,"column":1}},"loc":{"start":{"line":108,"column":7},"end":{"line":111,"column":1}},"line":108}},"f":{"0":109,"1":44,"2":5,"3":66,"4":8,"5":156,"6":77,"7":50,"8":106,"9":127,"10":6}}
,"/Users/AlexRoot-Roatch/current-projects/Christmas Gift Exchange/resources/js/components/select.js": {"path":"/Users/AlexRoot-Roatch/current-projects/Christmas Gift Exchange/resources/js/components/select.js","all":false,"statementMap":{"0":{"start":{"line":1,"column":0},"end":{"line":1,"column":60}},"1":{"start":{"line":2,"column":0},"end":{"line":2,"column":43}},"3":{"start":{"line":4,"column":0},"end":{"line":4,"column":58}},"4":{"start":{"line":5,"column":0},"end":{"line":5,"column":24}},"5":{"start":{"line":6,"column":0},"end":{"line":6,"column":27}},"6":{"start":{"line":7,"column":0},"end":{"line":7,"column":56}},"7":{"start":{"line":8,"column":0},"end":{"line":8,"column":32}},"8":{"start":{"line":9,"column":0},"end":{"line":9,"column":30}},"9":{"start":{"line":10,"column":0},"end":{"line":10,"column":5}},"10":{"start":{"line":11,"column":0},"end":{"line":11,"column":4}},"12":{"start":{"line":13,"column":0},"end":{"line":13,"column":29}},"13":{"start":{"line":14,"column":0},"end":{"line":14,"column":58}},"14":{"start":{"line":15,"column":0},"end":{"line":15,"column":32}},"15":{"start":{"line":16,"column":0},"end":{"line":16,"column":30}},"16":{"start":{"line":17,"column":0},"end":{"line":17,"column":5}},"17":{"start":{"line":18,"column":0},"end":{"line":18,"column":4}},"19":{"start":{"line":20,"column":0},"end":{"line":20,"column":29}},"20":{"start":{"line":21,"column":0},"end":{"line":21,"column":58}},"21":{"start":{"line":22,"column":0},"end":{"line":22,"column":34}},"22":{"start":{"line":23,"column":0},"end":{"line":23,"column":71}},"23":{"start":{"line":24,"column":0},"end":{"line":24,"column":17}},"24":{"start":{"line":25,"column":0},"end":{"line":25,"column":52}},"25":{"start":{"line":26,"column":0},"end":{"line":26,"column":7}},"26":{"start":{"line":27,"column":0},"end":{"line":27,"column":5}},"27":{"start":{"line":28,"column":0},"end":{"line":28,"column":4}},"29":{"start":{"line":30,"column":0},"end":{"line":30,"column":22}},"30":{"start":{"line":31,"column":0},"end":{"line":31,"column":47}},"31":{"start":{"line":32,"column":0},"end":{"line":32,"column":70}},"32":{"start":{"line":33,"column":0},"end":{"line":33,"column":27}},"33":{"start":{"line":34,"column":0},"end":{"line":34,"column":46}},"34":{"start":{"line":35,"column":0},"end":{"line":35,"column":7}},"36":{"start":{"line":37,"column":0},"end":{"line":37,"column":53}},"37":{"start":{"line":38,"column":0},"end":{"line":38,"column":32}},"38":{"start":{"line":39,"column":0},"end":{"line":39,"column":4}},"40":{"start":{"line":41,"column":0},"end":{"line":41,"column":26}},"41":{"start":{"line":42,"column":0},"end":{"line":42,"column":71}},"42":{"start":{"line":43,"column":0},"end":{"line":43,"column":32}},"44":{"start":{"line":45,"column":0},"end":{"line":45,"column":32}},"45":{"start":{"line":46,"column":0},"end":{"line":46,"column":63}},"46":{"start":{"line":47,"column":0},"end":{"line":47,"column":16}},"48":{"start":{"line":49,"column":0},"end":{"line":49,"column":32}},"49":{"start":{"line":50,"column":0},"end":{"line":50,"column":78}},"50":{"start":{"line":51,"column":0},"end":{"line":51,"column":18}},"51":{"start":{"line":52,"column":0},"end":{"line":52,"column":4}},"53":{"start":{"line":54,"column":0},"end":{"line":54,"column":32}},"54":{"start":{"line":55,"column":0},"end":{"line":55,"column":59}},"55":{"start":{"line":56,"column":0},"end":{"line":56,"column":42}},"56":{"start":{"line":57,"column":0},"end":{"line":57,"column":50}},"57":{"start":{"line":58,"column":0},"end":{"line":58,"column":50}},"59":{"start":{"line":60,"column":0},"end":{"line":60,"column":49}},"60":{"start":{"line":61,"column":0},"end":{"line":61,"column":58}},"62":{"start":{"line":63,"column":0},"end":{"line":63,"column":18}},"63":{"start":{"line":64,"column":0},"end":{"line":64,"column":49}},"64":{"start":{"line":65,"column":0},"end":{"line":65,"column":54}},"65":{"start":{"line":66,"column":0},"end":{"line":66,"column":12}},"66":{"start":{"line":67,"column":0},"end":{"line":67,"column":81}},"67":{"start":{"line":68,"column":0},"end":{"line":68,"column":28}},"68":{"start":{"line":69,"column":0},"end":{"line":69,"column":65}},"69":{"start":{"line":70,"column":0},"end":{"line":70,"column":18}},"71":{"start":{"line":72,"column":0},"end":{"line":72,"column":26}},"72":{"start":{"line":73,"column":0},"end":{"line":73,"column":80}},"73":{"start":{"line":74,"column":0},"end":{"line":74,"column":20}},"74":{"start":{"line":75,"column":0},"end":{"line":75,"column":5}},"75":{"start":{"line":76,"column":0},"end":{"line":76,"column":4}},"77":{"start":{"line":78,"column":0},"end":{"line":78,"column":29}},"78":{"start":{"line":79,"column":0},"end":{"line":79,"column":26}},"79":{"start":{"line":80,"column":0},"end":{"line":80,"column":63}},"80":{"start":{"line":81,"column":0},"end":{"line":81,"column":16}},"82":{"start":{"line":83,"column":0},"end":{"line":83,"column":12}},"83":{"start":{"line":84,"column":0},"end":{"line":84,"column":57}},"84":{"start":{"line":85,"column":0},"end":{"line":85,"column":80}},"85":{"start":{"line":86,"column":0},"end":{"line":86,"column":18}},"86":{"start":{"line":87,"column":0},"end":{"line":87,"column":17}},"87":{"start":{"line":88,"column":0},"end":{"line":88,"column":3}},"88":{"start":{"line":89,"column":0},"end":{"line":89,"column":2}},"90":{"start":{"line":91,"column":0},"end":{"line":91,"column":13}},"91":{"start":{"line":92,"column":0},"end":{"line":92,"column":24}},"92":{"start":{"line":93,"column":0},"end":{"line":93,"column":46}},"93":{"start":{"line":94,"column":0},"end":{"line":94,"column":1}}},"s":{"0":1,"1":1,"3":1,"4":1,"5":1,"6":66,"7":66,"8":44,"9":44,"10":1,"12":1,"13":8,"14":8,"15":5,"16":5,"17":1,"19":1,"20":156,"21":156,"22":50,"23":50,"24":50,"25":50,"26":50,"27":1,"29":1,"30":49,"31":49,"32":49,"33":49,"34":49,"36":49,"37":49,"38":1,"40":1,"41":49,"42":49,"44":49,"45":49,"46":49,"48":49,"49":49,"50":49,"51":1,"53":1,"54":99,"55":99,"56":99,"57":99,"59":99,"60":99,"62":99,"63":16,"64":16,"65":96,"66":83,"67":83,"68":83,"69":83,"71":83,"72":83,"73":83,"74":83,"75":1,"77":1,"78":16,"79":16,"80":16,"82":16,"83":16,"84":16,"85":16,"86":16,"87":16,"88":1,"90":1,"91":1,"92":4,"93":4},"branchMap":{"0":{"type":"branch","line":6,"loc":{"start":{"line":6,"column":2},"end":{"line":11,"column":3}},"locations":[{"start":{"line":6,"column":2},"end":{"line":11,"column":3}}]},"1":{"type":"branch","line":8,"loc":{"start":{"line":8,"column":31},"end":{"line":10,"column":5}},"locations":[{"start":{"line":8,"column":31},"end":{"line":10,"column":5}}]},"2":{"type":"branch","line":13,"loc":{"start":{"line":13,"column":2},"end":{"line":18,"column":3}},"locations":[{"start":{"line":13,"column":2},"end":{"line":18,"column":3}}]},"3":{"type":"branch","line":15,"loc":{"start":{"line":15,"column":31},"end":{"line":17,"column":5}},"locations":[{"start":{"line":15,"column":31},"end":{"line":17,"column":5}}]},"4":{"type":"branch","line":20,"loc":{"start":{"line":20,"column":2},"end":{"line":28,"column":3}},"locations":[{"start":{"line":20,"column":2},"end":{"line":28,"column":3}}]},"5":{"type":"branch","line":22,"loc":{"start":{"line":22,"column":33},"end":{"line":27,"column":5}},"locations":[{"start":{"line":22,"column":33},"end":{"line":27,"column":5}}]},"6":{"type":"branch","line":25,"loc":{"start":{"line":25,"column":45},"end":{"line":25,"column":50}},"locations":[{"start":{"line":25,"column":45},"end":{"line":25,"column":50}}]},"7":{"type":"branch","line":30,"loc":{"start":{"line":30,"column":2},"end":{"line":39,"column":3}},"locations":[{"start":{"line":30,"column":2},"end":{"line":39,"column":3}}]},"8":{"type":"branch","line":33,"loc":{"start":{"line":33,"column":18},"end":{"line":35,"column":5}},"locations":[{"start":{"line":33,"column":18},"end":{"line":35,"column":5}}]},"9":{"type":"branch","line":41,"loc":{"start":{"line":41,"column":2},"end":{"line":52,"column":3}},"locations":[{"start":{"line":41,"column":2},"end":{"line":52,"column":3}}]},"10":{"type":"branch","line":43,"loc":{"start":{"line":43,"column":25},"end":{"line":43,"column":32}},"locations":[{"start":{"line":43,"column":25},"end":{"line":43,"column":32}}]},"11":{"type":"branch","line":46,"loc":{"start":{"line":46,"column":11},"end":{"line":46,"column":62}},"locations":[{"start":{"line":46,"column":11},"end":{"line":46,"column":62}}]},"12":{"type":"branch","line":54,"loc":{"start":{"line":54,"column":2},"end":{"line":76,"column":3}},"locations":[{"start":{"line":54,"column":2},"end":{"line":76,"column":3}}]},"13":{"type":"branch","line":63,"loc":{"start":{"line":63,"column":17},"end":{"line":75,"column":5}},"locations":[{"start":{"line":63,"column":17},"end":{"line":75,"column":5}}]},"14":{"type":"branch","line":63,"loc":{"start":{"line":63,"column":17},"end":{"line":66,"column":5}},"locations":[{"start":{"line":63,"column":17},"end":{"line":66,"column":5}}]},"15":{"type":"branch","line":66,"loc":{"start":{"line":66,"column":5},"end":{"line":75,"column":5}},"locations":[{"start":{"line":66,"column":5},"end":{"line":75,"column":5}}]},"16":{"type":"branch","line":69,"loc":{"start":{"line":69,"column":13},"end":{"line":69,"column":64}},"locations":[{"start":{"line":69,"column":13},"end":{"line":69,"column":64}}]},"17":{"type":"branch","line":78,"loc":{"start":{"line":78,"column":2},"end":{"line":88,"column":3}},"locations":[{"start":{"line":78,"column":2},"end":{"line":88,"column":3}}]},"18":{"type":"branch","line":80,"loc":{"start":{"line":80,"column":11},"end":{"line":80,"column":62}},"locations":[{"start":{"line":80,"column":11},"end":{"line":80,"column":62}}]},"19":{"type":"branch","line":92,"loc":{"start":{"line":92,"column":7},"end":{"line":94,"column":1}},"locations":[{"start":{"line":92,"column":7},"end":{"line":94,"column":1}}]}},"b":{"0":[66],"1":[44],"2":[8],"3":[5],"4":[156],"5":[50],"6":[0],"7":[49],"8":[49],"9":[49],"10":[0],"11":[61],"12":[99],"13":[96],"14":[16],"15":[83],"16":[110],"17":[16],"18":[17],"19":[4]},"fnMap":{"0":{"name":"onComponentAdded","decl":{"start":{"line":6,"column":2},"end":{"line":11,"column":3}},"loc":{"start":{"line":6,"column":2},"end":{"line":11,"column":3}},"line":6},"1":{"name":"onComponentRemoved","decl":{"start":{"line":13,"column":2},"end":{"line":18,"column":3}},"loc":{"start":{"line":13,"column":2},"end":{"line":18,"column":3}},"line":13},"2":{"name":"onComponentUpdated","decl":{"start":{"line":20,"column":2},"end":{"line":28,"column":3}},"loc":{"start":{"line":20,"column":2},"end":{"line":28,"column":3}},"line":20},"3":{"name":"updateAllSelects","decl":{"start":{"line":30,"column":2},"end":{"line":39,"column":3}},"loc":{"start":{"line":30,"column":2},"end":{"line":39,"column":3}},"line":30},"4":{"name":"updateNameListSelect","decl":{"start":{"line":41,"column":2},"end":{"line":52,"column":3}},"loc":{"start":{"line":41,"column":2},"end":{"line":52,"column":3}},"line":41},"5":{"name":"renderIntoSlot","decl":{"start":{"line":54,"column":2},"end":{"line":76,"column":3}},"loc":{"start":{"line":54,"column":2},"end":{"line":76,"column":3}},"line":54},"6":{"name":"template","decl":{"start":{"line":78,"column":2},"end":{"line":88,"column":3}},"loc":{"start":{"line":78,"column":2},"end":{"line":88,"column":3}},"line":78},"7":{"name":"init","decl":{"start":{"line":92,"column":7},"end":{"line":94,"column":1}},"loc":{"start":{"line":92,"column":7},"end":{"line":94,"column":1}},"line":92}},"f":{"0":66,"1":8,"2":156,"3":49,"4":49,"5":99,"6":16,"7":4}}
,"/Users/AlexRoot-Roatch/current-projects/Christmas Gift Exchange/resources/js/components/snackbar.js": {"path":"/Users/AlexRoot-Roatch/current-projects/Christmas Gift Exchange/resources/js/components/snackbar.js","all":false,"statementMap":{"0":{"start":{"line":1,"column":0},"end":{"line":1,"column":47}},"2":{"start":{"line":3,"column":0},"end":{"line":3,"column":36}},"3":{"start":{"line":4,"column":0},"end":{"line":4,"column":30}},"4":{"start":{"line":5,"column":0},"end":{"line":5,"column":41}},"5":{"start":{"line":6,"column":0},"end":{"line":6,"column":23}},"6":{"start":{"line":7,"column":0},"end":{"line":7,"column":1}},"8":{"start":{"line":9,"column":0},"end":{"line":9,"column":38}},"9":{"start":{"line":10,"column":0},"end":{"line":10,"column":30}},"10":{"start":{"line":11,"column":0},"end":{"line":11,"column":41}},"11":{"start":{"line":12,"column":0},"end":{"line":12,"column":23}},"12":{"start":{"line":13,"column":0},"end":{"line":13,"column":1}},"14":{"start":{"line":15,"column":0},"end":{"line":15,"column":31}},"15":{"start":{"line":16,"column":0},"end":{"line":16,"column":26}},"16":{"start":{"line":17,"column":0},"end":{"line":17,"column":42}},"18":{"start":{"line":19,"column":0},"end":{"line":19,"column":20}},"19":{"start":{"line":20,"column":0},"end":{"line":20,"column":30}},"20":{"start":{"line":21,"column":0},"end":{"line":21,"column":11}},"22":{"start":{"line":23,"column":0},"end":{"line":23,"column":20}},"23":{"start":{"line":24,"column":0},"end":{"line":24,"column":44}},"24":{"start":{"line":25,"column":0},"end":{"line":25,"column":33}},"25":{"start":{"line":26,"column":0},"end":{"line":26,"column":11}},"26":{"start":{"line":27,"column":0},"end":{"line":27,"column":1}}},"s":{"0":1,"2":1,"3":7,"4":7,"5":7,"6":7,"8":1,"9":4,"10":4,"11":4,"12":4,"14":11,"15":11,"16":11,"18":11,"19":0,"20":11,"22":11,"23":0,"24":0,"25":11,"26":11},"branchMap":{"0":{"type":"branch","line":3,"loc":{"start":{"line":3,"column":7},"end":{"line":7,"column":1}},"locations":[{"start":{"line":3,"column":7},"end":{"line":7,"column":1}}]},"1":{"type":"branch","line":9,"loc":{"start":{"line":9,"column":7},"end":{"line":13,"column":1}},"locations":[{"start":{"line":9,"column":7},"end":{"line":13,"column":1}}]},"2":{"type":"branch","line":15,"loc":{"start":{"line":15,"column":0},"end":{"line":27,"column":1}},"locations":[{"start":{"line":15,"column":0},"end":{"line":27,"column":1}}]}},"b":{"0":[7],"1":[4],"2":[11]},"fnMap":{"0":{"name":"showError","decl":{"start":{"line":3,"column":7},"end":{"line":7,"column":1}},"loc":{"start":{"line":3,"column":7},"end":{"line":7,"column":1}},"line":3},"1":{"name":"showSuccess","decl":{"start":{"line":9,"column":7},"end":{"line":13,"column":1}},"loc":{"start":{"line":9,"column":7},"end":{"line":13,"column":1}},"line":9},"2":{"name":"showMessage","decl":{"start":{"line":15,"column":0},"end":{"line":27,"column":1}},"loc":{"start":{"line":15,"column":0},"end":{"line":27,"column":1}},"line":15}},"f":{"0":7,"1":4,"2":11}}
}
